2024-09-18 11:35:19.539 INFO  [restartedMain] com.ipi.DemoApplication - Starting DemoApplication using Java 1.8.0_241 on DESKTOP-JHUP6CO with PID 12812 (D:\Desktop\IPITools\target\classes started by IPI in D:\Desktop\tyc)
2024-09-18 11:35:19.541 INFO  [restartedMain] com.ipi.DemoApplication - No active profile set, falling back to 1 default profile: "default"
2024-09-18 11:35:19.594 INFO  [restartedMain] org.springframework.boot.devtools.env.DevToolsPropertyDefaultsPostProcessor - Devtools property defaults active! Set 'spring.devtools.add-properties' to 'false' to disable
2024-09-18 11:35:19.595 INFO  [restartedMain] org.springframework.boot.devtools.env.DevToolsPropertyDefaultsPostProcessor - For additional web related logging consider setting the 'logging.level.web' property to 'DEBUG'
2024-09-18 11:35:20.413 INFO  [restartedMain] org.springframework.boot.web.embedded.tomcat.TomcatWebServer - Tomcat initialized with port(s): 8099 (http)
2024-09-18 11:35:20.421 INFO  [restartedMain] org.apache.coyote.http11.Http11NioProtocol - Initializing ProtocolHandler ["http-nio-8099"]
2024-09-18 11:35:20.421 INFO  [restartedMain] org.apache.catalina.core.StandardService - Starting service [Tomcat]
2024-09-18 11:35:20.421 INFO  [restartedMain] org.apache.catalina.core.StandardEngine - Starting Servlet engine: [Apache Tomcat/9.0.68]
2024-09-18 11:35:20.492 INFO  [restartedMain] org.apache.catalina.core.ContainerBase.[Tomcat].[localhost].[/] - Initializing Spring embedded WebApplicationContext
2024-09-18 11:35:20.492 INFO  [restartedMain] org.springframework.boot.web.servlet.context.ServletWebServerApplicationContext - Root WebApplicationContext: initialization completed in 897 ms
2024-09-18 11:35:21.627 INFO  [restartedMain] org.springframework.boot.devtools.autoconfigure.OptionalLiveReloadServer - LiveReload server is running on port 35729
2024-09-18 11:35:21.640 INFO  [restartedMain] org.apache.coyote.http11.Http11NioProtocol - Starting ProtocolHandler ["http-nio-8099"]
2024-09-18 11:35:21.686 INFO  [restartedMain] org.springframework.boot.web.embedded.tomcat.TomcatWebServer - Tomcat started on port(s): 8099 (http) with context path ''
2024-09-18 11:35:21.699 INFO  [restartedMain] com.ipi.DemoApplication - Started DemoApplication in 2.598 seconds (JVM running for 3.691)
2024-09-18 11:35:22.006 INFO  [http-nio-8099-exec-1] org.apache.catalina.core.ContainerBase.[Tomcat].[localhost].[/] - Initializing Spring DispatcherServlet 'dispatcherServlet'
2024-09-18 11:35:22.006 INFO  [http-nio-8099-exec-1] org.springframework.web.servlet.DispatcherServlet - Initializing Servlet 'dispatcherServlet'
2024-09-18 11:35:22.007 INFO  [http-nio-8099-exec-1] org.springframework.web.servlet.DispatcherServlet - Completed initialization in 1 ms
2024-09-18 11:36:37.892 DEBUG [http-nio-8099-exec-8] org.springframework.jdbc.core.JdbcTemplate - Executing prepared SQL query
2024-09-18 11:36:37.892 DEBUG [http-nio-8099-exec-8] org.springframework.jdbc.core.JdbcTemplate - Executing prepared SQL query
2024-09-18 11:36:37.892 DEBUG [http-nio-8099-exec-8] org.springframework.jdbc.core.JdbcTemplate - Executing prepared SQL statement [select count(*) from HRDB.D1_2012.dbo.PerEmployee where Idcardno =?]
2024-09-18 11:36:37.892 DEBUG [http-nio-8099-exec-8] org.springframework.jdbc.core.JdbcTemplate - Executing prepared SQL statement [select count(*) from HRDB.D1_2012.dbo.PerEmployee where Idcardno =?]
2024-09-18 11:36:37.894 INFO  [http-nio-8099-exec-8] com.zaxxer.hikari.HikariDataSource - HikariPool-1 - Starting...
2024-09-18 11:36:42.570 INFO  [http-nio-8099-exec-8] com.zaxxer.hikari.HikariDataSource - HikariPool-1 - Start completed.
2024-09-18 11:36:51.374 DEBUG [http-nio-8099-exec-10] org.springframework.jdbc.core.JdbcTemplate - Executing prepared SQL query
2024-09-18 11:36:51.374 DEBUG [http-nio-8099-exec-10] org.springframework.jdbc.core.JdbcTemplate - Executing prepared SQL query
2024-09-18 11:36:51.374 DEBUG [http-nio-8099-exec-10] org.springframework.jdbc.core.JdbcTemplate - Executing prepared SQL statement [select count(*) from HRDB.D1_2012.dbo.PerEmployee where Idcardno =?]
2024-09-18 11:36:51.374 DEBUG [http-nio-8099-exec-10] org.springframework.jdbc.core.JdbcTemplate - Executing prepared SQL statement [select count(*) from HRDB.D1_2012.dbo.PerEmployee where Idcardno =?]
2024-09-18 11:39:22.248 INFO  [SpringApplicationShutdownHook] com.zaxxer.hikari.HikariDataSource - HikariPool-1 - Shutdown initiated...
2024-09-18 11:39:22.253 INFO  [SpringApplicationShutdownHook] com.zaxxer.hikari.HikariDataSource - HikariPool-1 - Shutdown completed.
2024-09-18 11:39:38.178 INFO  [restartedMain] com.ipi.DemoApplication - Starting DemoApplication using Java 1.8.0_241 on DESKTOP-JHUP6CO with PID 9116 (D:\Desktop\IPITools\target\classes started by IPI in D:\Desktop\tyc)
2024-09-18 11:39:38.179 INFO  [restartedMain] com.ipi.DemoApplication - No active profile set, falling back to 1 default profile: "default"
2024-09-18 11:39:38.220 INFO  [restartedMain] org.springframework.boot.devtools.env.DevToolsPropertyDefaultsPostProcessor - Devtools property defaults active! Set 'spring.devtools.add-properties' to 'false' to disable
2024-09-18 11:39:38.220 INFO  [restartedMain] org.springframework.boot.devtools.env.DevToolsPropertyDefaultsPostProcessor - For additional web related logging consider setting the 'logging.level.web' property to 'DEBUG'
2024-09-18 11:39:38.971 INFO  [restartedMain] org.springframework.boot.web.embedded.tomcat.TomcatWebServer - Tomcat initialized with port(s): 8099 (http)
2024-09-18 11:39:38.976 INFO  [restartedMain] org.apache.coyote.http11.Http11NioProtocol - Initializing ProtocolHandler ["http-nio-8099"]
2024-09-18 11:39:38.976 INFO  [restartedMain] org.apache.catalina.core.StandardService - Starting service [Tomcat]
2024-09-18 11:39:38.977 INFO  [restartedMain] org.apache.catalina.core.StandardEngine - Starting Servlet engine: [Apache Tomcat/9.0.68]
2024-09-18 11:39:39.037 INFO  [restartedMain] org.apache.catalina.core.ContainerBase.[Tomcat].[localhost].[/] - Initializing Spring embedded WebApplicationContext
2024-09-18 11:39:39.037 INFO  [restartedMain] org.springframework.boot.web.servlet.context.ServletWebServerApplicationContext - Root WebApplicationContext: initialization completed in 817 ms
2024-09-18 11:39:39.901 INFO  [restartedMain] org.springframework.boot.devtools.autoconfigure.OptionalLiveReloadServer - LiveReload server is running on port 35729
2024-09-18 11:39:39.915 INFO  [restartedMain] org.apache.coyote.http11.Http11NioProtocol - Starting ProtocolHandler ["http-nio-8099"]
2024-09-18 11:39:39.925 INFO  [restartedMain] org.springframework.boot.web.embedded.tomcat.TomcatWebServer - Tomcat started on port(s): 8099 (http) with context path ''
2024-09-18 11:39:39.943 INFO  [restartedMain] com.ipi.DemoApplication - Started DemoApplication in 2.039 seconds (JVM running for 2.833)
2024-09-18 11:39:40.976 INFO  [http-nio-8099-exec-1] org.apache.catalina.core.ContainerBase.[Tomcat].[localhost].[/] - Initializing Spring DispatcherServlet 'dispatcherServlet'
2024-09-18 11:39:40.976 INFO  [http-nio-8099-exec-1] org.springframework.web.servlet.DispatcherServlet - Initializing Servlet 'dispatcherServlet'
2024-09-18 11:39:40.976 INFO  [http-nio-8099-exec-1] org.springframework.web.servlet.DispatcherServlet - Completed initialization in 0 ms
2024-09-18 11:40:38.489 DEBUG [http-nio-8099-exec-4] org.springframework.jdbc.core.JdbcTemplate - Executing prepared SQL query
2024-09-18 11:40:38.489 DEBUG [http-nio-8099-exec-4] org.springframework.jdbc.core.JdbcTemplate - Executing prepared SQL query
2024-09-18 11:40:38.489 DEBUG [http-nio-8099-exec-4] org.springframework.jdbc.core.JdbcTemplate - Executing prepared SQL statement [select count(*) from HRDB.D1_2012.dbo.PerEmployee where Idcardno =?]
2024-09-18 11:40:38.489 DEBUG [http-nio-8099-exec-4] org.springframework.jdbc.core.JdbcTemplate - Executing prepared SQL statement [select count(*) from HRDB.D1_2012.dbo.PerEmployee where Idcardno =?]
2024-09-18 11:40:38.491 INFO  [http-nio-8099-exec-4] com.zaxxer.hikari.HikariDataSource - HikariPool-1 - Starting...
2024-09-18 11:40:42.301 INFO  [http-nio-8099-exec-4] com.zaxxer.hikari.HikariDataSource - HikariPool-1 - Start completed.
2024-09-18 11:40:47.858 DEBUG [http-nio-8099-exec-2] org.springframework.jdbc.core.JdbcTemplate - Executing prepared SQL query
2024-09-18 11:40:47.858 DEBUG [http-nio-8099-exec-2] org.springframework.jdbc.core.JdbcTemplate - Executing prepared SQL query
2024-09-18 11:40:47.858 DEBUG [http-nio-8099-exec-2] org.springframework.jdbc.core.JdbcTemplate - Executing prepared SQL statement [select count(*) from HRDB.D1_2012.dbo.PerEmployee where Idcardno =?]
2024-09-18 11:40:47.858 DEBUG [http-nio-8099-exec-2] org.springframework.jdbc.core.JdbcTemplate - Executing prepared SQL statement [select count(*) from HRDB.D1_2012.dbo.PerEmployee where Idcardno =?]
2024-09-18 13:31:09.365 WARN  [HikariPool-1 housekeeper] com.zaxxer.hikari.pool.HikariPool - HikariPool-1 - Thread starvation or clock leap detected (housekeeper delta=1h30m26s886ms137µs400ns).
2024-09-18 15:57:58.815 INFO  [SpringApplicationShutdownHook] com.zaxxer.hikari.HikariDataSource - HikariPool-1 - Shutdown initiated...
2024-09-18 15:57:58.820 INFO  [SpringApplicationShutdownHook] com.zaxxer.hikari.HikariDataSource - HikariPool-1 - Shutdown completed.
2024-09-18 16:07:18.607 INFO  [restartedMain] com.ipi.DemoApplication - Starting DemoApplication using Java 1.8.0_241 on DESKTOP-JHUP6CO with PID 14908 (D:\Desktop\IPITools\target\classes started by IPI in D:\Desktop\tyc)
2024-09-18 16:07:18.608 INFO  [restartedMain] com.ipi.DemoApplication - No active profile set, falling back to 1 default profile: "default"
2024-09-18 16:07:18.662 INFO  [restartedMain] org.springframework.boot.devtools.env.DevToolsPropertyDefaultsPostProcessor - Devtools property defaults active! Set 'spring.devtools.add-properties' to 'false' to disable
2024-09-18 16:07:18.662 INFO  [restartedMain] org.springframework.boot.devtools.env.DevToolsPropertyDefaultsPostProcessor - For additional web related logging consider setting the 'logging.level.web' property to 'DEBUG'
2024-09-18 16:07:19.503 INFO  [restartedMain] org.springframework.boot.web.embedded.tomcat.TomcatWebServer - Tomcat initialized with port(s): 8099 (http)
2024-09-18 16:07:19.508 INFO  [restartedMain] org.apache.coyote.http11.Http11NioProtocol - Initializing ProtocolHandler ["http-nio-8099"]
2024-09-18 16:07:19.509 INFO  [restartedMain] org.apache.catalina.core.StandardService - Starting service [Tomcat]
2024-09-18 16:07:19.509 INFO  [restartedMain] org.apache.catalina.core.StandardEngine - Starting Servlet engine: [Apache Tomcat/9.0.68]
2024-09-18 16:07:19.569 INFO  [restartedMain] org.apache.catalina.core.ContainerBase.[Tomcat].[localhost].[/] - Initializing Spring embedded WebApplicationContext
2024-09-18 16:07:19.570 INFO  [restartedMain] org.springframework.boot.web.servlet.context.ServletWebServerApplicationContext - Root WebApplicationContext: initialization completed in 907 ms
2024-09-18 16:07:20.773 INFO  [restartedMain] org.springframework.boot.devtools.autoconfigure.OptionalLiveReloadServer - LiveReload server is running on port 35729
2024-09-18 16:07:20.786 INFO  [restartedMain] org.apache.coyote.http11.Http11NioProtocol - Starting ProtocolHandler ["http-nio-8099"]
2024-09-18 16:07:20.822 INFO  [restartedMain] org.springframework.boot.web.embedded.tomcat.TomcatWebServer - Tomcat started on port(s): 8099 (http) with context path ''
2024-09-18 16:07:20.834 INFO  [restartedMain] com.ipi.DemoApplication - Started DemoApplication in 2.57 seconds (JVM running for 3.347)
2024-09-18 16:07:27.854 INFO  [http-nio-8099-exec-1] org.apache.catalina.core.ContainerBase.[Tomcat].[localhost].[/] - Initializing Spring DispatcherServlet 'dispatcherServlet'
2024-09-18 16:07:27.854 INFO  [http-nio-8099-exec-1] org.springframework.web.servlet.DispatcherServlet - Initializing Servlet 'dispatcherServlet'
2024-09-18 16:07:27.855 INFO  [http-nio-8099-exec-1] org.springframework.web.servlet.DispatcherServlet - Completed initialization in 1 ms
2024-09-18 16:09:00.640 DEBUG [http-nio-8099-exec-6] org.springframework.jdbc.core.JdbcTemplate - Executing prepared SQL query
2024-09-18 16:09:00.640 DEBUG [http-nio-8099-exec-6] org.springframework.jdbc.core.JdbcTemplate - Executing prepared SQL query
2024-09-18 16:09:00.641 DEBUG [http-nio-8099-exec-6] org.springframework.jdbc.core.JdbcTemplate - Executing prepared SQL statement [select count(*) from HRDB.D1_2012.dbo.PerEmployee where Idcardno =?]
2024-09-18 16:09:00.641 DEBUG [http-nio-8099-exec-6] org.springframework.jdbc.core.JdbcTemplate - Executing prepared SQL statement [select count(*) from HRDB.D1_2012.dbo.PerEmployee where Idcardno =?]
2024-09-18 16:09:00.643 INFO  [http-nio-8099-exec-6] com.zaxxer.hikari.HikariDataSource - HikariPool-1 - Starting...
2024-09-18 16:09:00.809 INFO  [http-nio-8099-exec-6] com.zaxxer.hikari.HikariDataSource - HikariPool-1 - Start completed.
2024-09-18 16:12:13.431 INFO  [File Watcher] org.springframework.boot.devtools.autoconfigure.LocalDevToolsAutoConfiguration$RestartingClassPathChangeChangedEventListener - Restarting due to 44 class path changes (0 additions, 44 deletions, 0 modifications)
2024-09-18 16:12:13.801 INFO  [Thread-9] org.apache.coyote.http11.Http11NioProtocol - Pausing ProtocolHandler ["http-nio-8099"]
2024-09-18 16:12:13.801 INFO  [Thread-9] org.apache.catalina.core.StandardService - Stopping service [Tomcat]
2024-09-18 16:12:13.802 INFO  [Thread-9] org.apache.catalina.core.ContainerBase.[Tomcat].[localhost].[/] - Destroying Spring FrameworkServlet 'dispatcherServlet'
2024-09-18 16:12:13.807 WARN  [Thread-9] org.apache.catalina.loader.WebappClassLoaderBase - The web application [ROOT] appears to have started a thread named [mssql-jdbc-shared-timer-core-0] but has failed to stop it. This is very likely to create a memory leak. Stack trace of thread:
 sun.misc.Unsafe.park(Native Method)
 java.util.concurrent.locks.LockSupport.park(LockSupport.java:175)
 java.util.concurrent.locks.AbstractQueuedSynchronizer$ConditionObject.await(AbstractQueuedSynchronizer.java:2039)
 java.util.concurrent.ScheduledThreadPoolExecutor$DelayedWorkQueue.take(ScheduledThreadPoolExecutor.java:1081)
 java.util.concurrent.ScheduledThreadPoolExecutor$DelayedWorkQueue.take(ScheduledThreadPoolExecutor.java:809)
 java.util.concurrent.ThreadPoolExecutor.getTask(ThreadPoolExecutor.java:1074)
 java.util.concurrent.ThreadPoolExecutor.runWorker(ThreadPoolExecutor.java:1134)
 java.util.concurrent.ThreadPoolExecutor$Worker.run(ThreadPoolExecutor.java:624)
 java.lang.Thread.run(Thread.java:748)
2024-09-18 16:12:13.807 WARN  [Thread-9] org.apache.catalina.loader.WebappClassLoaderBase - The web application [ROOT] appears to have started a thread named [HikariPool-1 housekeeper] but has failed to stop it. This is very likely to create a memory leak. Stack trace of thread:
 sun.misc.Unsafe.park(Native Method)
 java.util.concurrent.locks.LockSupport.parkNanos(LockSupport.java:215)
 java.util.concurrent.locks.AbstractQueuedSynchronizer$ConditionObject.awaitNanos(AbstractQueuedSynchronizer.java:2078)
 java.util.concurrent.ScheduledThreadPoolExecutor$DelayedWorkQueue.take(ScheduledThreadPoolExecutor.java:1093)
 java.util.concurrent.ScheduledThreadPoolExecutor$DelayedWorkQueue.take(ScheduledThreadPoolExecutor.java:809)
 java.util.concurrent.ThreadPoolExecutor.getTask(ThreadPoolExecutor.java:1074)
 java.util.concurrent.ThreadPoolExecutor.runWorker(ThreadPoolExecutor.java:1134)
 java.util.concurrent.ThreadPoolExecutor$Worker.run(ThreadPoolExecutor.java:624)
 java.lang.Thread.run(Thread.java:748)
2024-09-18 16:12:13.808 INFO  [Thread-9] org.apache.coyote.http11.Http11NioProtocol - Stopping ProtocolHandler ["http-nio-8099"]
2024-09-18 16:12:13.810 INFO  [Thread-9] org.apache.coyote.http11.Http11NioProtocol - Destroying ProtocolHandler ["http-nio-8099"]
2024-09-18 16:12:13.813 INFO  [Thread-9] com.zaxxer.hikari.HikariDataSource - HikariPool-1 - Shutdown initiated...
2024-09-18 16:12:13.821 INFO  [Thread-9] com.zaxxer.hikari.HikariDataSource - HikariPool-1 - Shutdown completed.
2024-09-18 16:12:14.006 INFO  [restartedMain] com.ipi.DemoApplication - Starting DemoApplication using Java 1.8.0_241 on DESKTOP-JHUP6CO with PID 14908 (D:\Desktop\IPITools\target\classes started by IPI in D:\Desktop\tyc)
2024-09-18 16:12:14.007 INFO  [restartedMain] com.ipi.DemoApplication - No active profile set, falling back to 1 default profile: "default"
2024-09-18 16:12:14.237 WARN  [restartedMain] org.mybatis.spring.mapper.ClassPathMapperScanner - No MyBatis mapper was found in '[com.ipi.mapper]' package. Please check your configuration.
2024-09-18 16:12:14.346 INFO  [restartedMain] org.springframework.boot.web.embedded.tomcat.TomcatWebServer - Tomcat initialized with port(s): 8099 (http)
2024-09-18 16:12:14.346 INFO  [restartedMain] org.apache.coyote.http11.Http11NioProtocol - Initializing ProtocolHandler ["http-nio-8099"]
2024-09-18 16:12:14.347 INFO  [restartedMain] org.apache.catalina.core.StandardService - Starting service [Tomcat]
2024-09-18 16:12:14.347 INFO  [restartedMain] org.apache.catalina.core.StandardEngine - Starting Servlet engine: [Apache Tomcat/9.0.68]
2024-09-18 16:12:14.378 INFO  [restartedMain] org.apache.catalina.core.ContainerBase.[Tomcat].[localhost].[/] - Initializing Spring embedded WebApplicationContext
2024-09-18 16:12:14.378 INFO  [restartedMain] org.springframework.boot.web.servlet.context.ServletWebServerApplicationContext - Root WebApplicationContext: initialization completed in 366 ms
2024-09-18 16:12:14.505 WARN  [restartedMain] org.springframework.boot.web.servlet.context.AnnotationConfigServletWebServerApplicationContext - Exception encountered during context initialization - cancelling refresh attempt: org.springframework.beans.factory.BeanCreationException: Error creating bean with name 'sqlSessionFactory' defined in class path resource [org/mybatis/spring/boot/autoconfigure/MybatisAutoConfiguration.class]: Bean instantiation via factory method failed; nested exception is org.springframework.beans.BeanInstantiationException: Failed to instantiate [org.apache.ibatis.session.SqlSessionFactory]: Factory method 'sqlSessionFactory' threw exception; nested exception is java.io.IOException: Failed to parse mapping resource: 'file [D:\Desktop\IPITools\target\classes\mapper\HRMapper.xml]'
2024-09-18 16:12:14.506 INFO  [restartedMain] org.apache.catalina.core.StandardService - Stopping service [Tomcat]
2024-09-18 16:12:14.514 INFO  [restartedMain] org.springframework.boot.autoconfigure.logging.ConditionEvaluationReportLoggingListener - 

Error starting ApplicationContext. To display the conditions report re-run your application with 'debug' enabled.
2024-09-18 16:12:14.543 ERROR [restartedMain] org.springframework.boot.SpringApplication - Application run failed
org.springframework.beans.factory.BeanCreationException: Error creating bean with name 'sqlSessionFactory' defined in class path resource [org/mybatis/spring/boot/autoconfigure/MybatisAutoConfiguration.class]: Bean instantiation via factory method failed; nested exception is org.springframework.beans.BeanInstantiationException: Failed to instantiate [org.apache.ibatis.session.SqlSessionFactory]: Factory method 'sqlSessionFactory' threw exception; nested exception is java.io.IOException: Failed to parse mapping resource: 'file [D:\Desktop\IPITools\target\classes\mapper\HRMapper.xml]'
	at org.springframework.beans.factory.support.ConstructorResolver.instantiate(ConstructorResolver.java:658)
	at org.springframework.beans.factory.support.ConstructorResolver.instantiateUsingFactoryMethod(ConstructorResolver.java:638)
	at org.springframework.beans.factory.support.AbstractAutowireCapableBeanFactory.instantiateUsingFactoryMethod(AbstractAutowireCapableBeanFactory.java:1352)
	at org.springframework.beans.factory.support.AbstractAutowireCapableBeanFactory.createBeanInstance(AbstractAutowireCapableBeanFactory.java:1195)
	at org.springframework.beans.factory.support.AbstractAutowireCapableBeanFactory.doCreateBean(AbstractAutowireCapableBeanFactory.java:582)
	at org.springframework.beans.factory.support.AbstractAutowireCapableBeanFactory.createBean(AbstractAutowireCapableBeanFactory.java:542)
	at org.springframework.beans.factory.support.AbstractBeanFactory.lambda$doGetBean$0(AbstractBeanFactory.java:335)
	at org.springframework.beans.factory.support.DefaultSingletonBeanRegistry.getSingleton(DefaultSingletonBeanRegistry.java:234)
	at org.springframework.beans.factory.support.AbstractBeanFactory.doGetBean(AbstractBeanFactory.java:333)
	at org.springframework.beans.factory.support.AbstractBeanFactory.getBean(AbstractBeanFactory.java:208)
	at org.springframework.beans.factory.support.DefaultListableBeanFactory.preInstantiateSingletons(DefaultListableBeanFactory.java:955)
	at org.springframework.context.support.AbstractApplicationContext.finishBeanFactoryInitialization(AbstractApplicationContext.java:918)
	at org.springframework.context.support.AbstractApplicationContext.refresh(AbstractApplicationContext.java:583)
	at org.springframework.boot.web.servlet.context.ServletWebServerApplicationContext.refresh(ServletWebServerApplicationContext.java:147)
	at org.springframework.boot.SpringApplication.refresh(SpringApplication.java:734)
	at org.springframework.boot.SpringApplication.refreshContext(SpringApplication.java:408)
	at org.springframework.boot.SpringApplication.run(SpringApplication.java:308)
	at org.springframework.boot.SpringApplication.run(SpringApplication.java:1306)
	at org.springframework.boot.SpringApplication.run(SpringApplication.java:1295)
	at com.ipi.DemoApplication.main(DemoApplication.java:22)
	at sun.reflect.NativeMethodAccessorImpl.invoke0(Native Method)
	at sun.reflect.NativeMethodAccessorImpl.invoke(NativeMethodAccessorImpl.java:62)
	at sun.reflect.DelegatingMethodAccessorImpl.invoke(DelegatingMethodAccessorImpl.java:43)
	at java.lang.reflect.Method.invoke(Method.java:498)
	at org.springframework.boot.devtools.restart.RestartLauncher.run(RestartLauncher.java:49)
Caused by: org.springframework.beans.BeanInstantiationException: Failed to instantiate [org.apache.ibatis.session.SqlSessionFactory]: Factory method 'sqlSessionFactory' threw exception; nested exception is java.io.IOException: Failed to parse mapping resource: 'file [D:\Desktop\IPITools\target\classes\mapper\HRMapper.xml]'
	at org.springframework.beans.factory.support.SimpleInstantiationStrategy.instantiate(SimpleInstantiationStrategy.java:185)
	at org.springframework.beans.factory.support.ConstructorResolver.instantiate(ConstructorResolver.java:653)
	... 24 common frames omitted
Caused by: java.io.IOException: Failed to parse mapping resource: 'file [D:\Desktop\IPITools\target\classes\mapper\HRMapper.xml]'
	at org.mybatis.spring.SqlSessionFactoryBean.buildSqlSessionFactory(SqlSessionFactoryBean.java:615)
	at org.mybatis.spring.SqlSessionFactoryBean.afterPropertiesSet(SqlSessionFactoryBean.java:492)
	at org.mybatis.spring.SqlSessionFactoryBean.getObject(SqlSessionFactoryBean.java:635)
	at org.mybatis.spring.boot.autoconfigure.MybatisAutoConfiguration.sqlSessionFactory(MybatisAutoConfiguration.java:189)
	at org.mybatis.spring.boot.autoconfigure.MybatisAutoConfiguration$$EnhancerBySpringCGLIB$$e0a105f1.CGLIB$sqlSessionFactory$2(<generated>)
	at org.mybatis.spring.boot.autoconfigure.MybatisAutoConfiguration$$EnhancerBySpringCGLIB$$e0a105f1$$FastClassBySpringCGLIB$$5e3c3f99.invoke(<generated>)
	at org.springframework.cglib.proxy.MethodProxy.invokeSuper(MethodProxy.java:244)
	at org.springframework.context.annotation.ConfigurationClassEnhancer$BeanMethodInterceptor.intercept(ConfigurationClassEnhancer.java:331)
	at org.mybatis.spring.boot.autoconfigure.MybatisAutoConfiguration$$EnhancerBySpringCGLIB$$e0a105f1.sqlSessionFactory(<generated>)
	at sun.reflect.NativeMethodAccessorImpl.invoke0(Native Method)
	at sun.reflect.NativeMethodAccessorImpl.invoke(NativeMethodAccessorImpl.java:62)
	at sun.reflect.DelegatingMethodAccessorImpl.invoke(DelegatingMethodAccessorImpl.java:43)
	at java.lang.reflect.Method.invoke(Method.java:498)
	at org.springframework.beans.factory.support.SimpleInstantiationStrategy.instantiate(SimpleInstantiationStrategy.java:154)
	... 25 common frames omitted
Caused by: org.apache.ibatis.builder.BuilderException: Error parsing Mapper XML. The XML location is 'file [D:\Desktop\IPITools\target\classes\mapper\HRMapper.xml]'. Cause: org.apache.ibatis.builder.BuilderException: Error resolving class. Cause: org.apache.ibatis.type.TypeException: Could not resolve type alias 'interview'.  Cause: java.lang.ClassNotFoundException: Cannot find class: interview
	at org.apache.ibatis.builder.xml.XMLMapperBuilder.configurationElement(XMLMapperBuilder.java:123)
	at org.apache.ibatis.builder.xml.XMLMapperBuilder.parse(XMLMapperBuilder.java:95)
	at org.mybatis.spring.SqlSessionFactoryBean.buildSqlSessionFactory(SqlSessionFactoryBean.java:613)
	... 38 common frames omitted
Caused by: org.apache.ibatis.builder.BuilderException: Error resolving class. Cause: org.apache.ibatis.type.TypeException: Could not resolve type alias 'interview'.  Cause: java.lang.ClassNotFoundException: Cannot find class: interview
	at org.apache.ibatis.builder.BaseBuilder.resolveClass(BaseBuilder.java:118)
	at org.apache.ibatis.builder.xml.XMLStatementBuilder.parseStatementNode(XMLStatementBuilder.java:76)
	at org.apache.ibatis.builder.xml.XMLMapperBuilder.buildStatementFromContext(XMLMapperBuilder.java:138)
	at org.apache.ibatis.builder.xml.XMLMapperBuilder.buildStatementFromContext(XMLMapperBuilder.java:131)
	at org.apache.ibatis.builder.xml.XMLMapperBuilder.configurationElement(XMLMapperBuilder.java:121)
	... 40 common frames omitted
Caused by: org.apache.ibatis.type.TypeException: Could not resolve type alias 'interview'.  Cause: java.lang.ClassNotFoundException: Cannot find class: interview
	at org.apache.ibatis.type.TypeAliasRegistry.resolveAlias(TypeAliasRegistry.java:128)
	at org.apache.ibatis.builder.BaseBuilder.resolveAlias(BaseBuilder.java:149)
	at org.apache.ibatis.builder.BaseBuilder.resolveClass(BaseBuilder.java:116)
	... 44 common frames omitted
Caused by: java.lang.ClassNotFoundException: Cannot find class: interview
	at org.apache.ibatis.io.ClassLoaderWrapper.classForName(ClassLoaderWrapper.java:196)
	at org.apache.ibatis.io.ClassLoaderWrapper.classForName(ClassLoaderWrapper.java:89)
	at org.apache.ibatis.io.Resources.classForName(Resources.java:261)
	at org.apache.ibatis.type.TypeAliasRegistry.resolveAlias(TypeAliasRegistry.java:124)
	... 46 common frames omitted
2024-09-18 16:12:16.011 INFO  [restartedMain] com.ipi.DemoApplication - Starting DemoApplication using Java 1.8.0_241 on DESKTOP-JHUP6CO with PID 14908 (D:\Desktop\IPITools\target\classes started by IPI in D:\Desktop\tyc)
2024-09-18 16:12:16.011 INFO  [restartedMain] com.ipi.DemoApplication - No active profile set, falling back to 1 default profile: "default"
2024-09-18 16:12:16.368 INFO  [restartedMain] org.springframework.boot.web.embedded.tomcat.TomcatWebServer - Tomcat initialized with port(s): 8099 (http)
2024-09-18 16:12:16.369 INFO  [restartedMain] org.apache.coyote.http11.Http11NioProtocol - Initializing ProtocolHandler ["http-nio-8099"]
2024-09-18 16:12:16.369 INFO  [restartedMain] org.apache.catalina.core.StandardService - Starting service [Tomcat]
2024-09-18 16:12:16.369 INFO  [restartedMain] org.apache.catalina.core.StandardEngine - Starting Servlet engine: [Apache Tomcat/9.0.68]
2024-09-18 16:12:16.398 INFO  [restartedMain] org.apache.catalina.core.ContainerBase.[Tomcat-1].[localhost].[/] - Initializing Spring embedded WebApplicationContext
2024-09-18 16:12:16.398 INFO  [restartedMain] org.springframework.boot.web.servlet.context.ServletWebServerApplicationContext - Root WebApplicationContext: initialization completed in 385 ms
2024-09-18 16:12:16.672 INFO  [restartedMain] org.springframework.boot.devtools.autoconfigure.OptionalLiveReloadServer - LiveReload server is running on port 35729
2024-09-18 16:12:16.683 INFO  [restartedMain] org.apache.coyote.http11.Http11NioProtocol - Starting ProtocolHandler ["http-nio-8099"]
2024-09-18 16:12:16.686 INFO  [restartedMain] org.springframework.boot.web.embedded.tomcat.TomcatWebServer - Tomcat started on port(s): 8099 (http) with context path ''
2024-09-18 16:12:16.690 INFO  [restartedMain] com.ipi.DemoApplication - Started DemoApplication in 0.708 seconds (JVM running for 299.202)
2024-09-18 16:12:16.691 INFO  [restartedMain] org.springframework.boot.devtools.autoconfigure.ConditionEvaluationDeltaLoggingListener - Condition evaluation unchanged
