2024-07-10 15:34:27.677 INFO  [restartedMain] com.ipi.DemoApplication - Starting DemoApplication using Java 1.8.0_241 on DESKTOP-JHUP6CO with PID 31296 (D:\Desktop\IPITools\target\classes started by IPI in D:\Desktop\tyc)
2024-07-10 15:34:27.678 INFO  [restartedMain] com.ipi.DemoApplication - No active profile set, falling back to 1 default profile: "default"
2024-07-10 15:34:27.731 INFO  [restartedMain] org.springframework.boot.devtools.restart.ChangeableUrls - The Class-Path manifest attribute in D:\MavenRepository\com\sun\xml\bind\jaxb-core\2.3.0\jaxb-core-2.3.0.jar referenced one or more files that do not exist: file:/D:/MavenRepository/com/sun/xml/bind/jaxb-core/2.3.0/jaxb-api.jar
2024-07-10 15:34:27.731 INFO  [restartedMain] org.springframework.boot.devtools.restart.ChangeableUrls - The Class-Path manifest attribute in D:\MavenRepository\com\sun\xml\bind\jaxb-impl\2.3.0\jaxb-impl-2.3.0.jar referenced one or more files that do not exist: file:/D:/MavenRepository/com/sun/xml/bind/jaxb-impl/2.3.0/jaxb-core.jar
2024-07-10 15:34:27.731 INFO  [restartedMain] org.springframework.boot.devtools.env.DevToolsPropertyDefaultsPostProcessor - Devtools property defaults active! Set 'spring.devtools.add-properties' to 'false' to disable
2024-07-10 15:34:27.732 INFO  [restartedMain] org.springframework.boot.devtools.env.DevToolsPropertyDefaultsPostProcessor - For additional web related logging consider setting the 'logging.level.web' property to 'DEBUG'
2024-07-10 15:34:28.851 INFO  [restartedMain] org.springframework.boot.web.embedded.tomcat.TomcatWebServer - Tomcat initialized with port(s): 8099 (http)
2024-07-10 15:34:28.857 INFO  [restartedMain] org.apache.coyote.http11.Http11NioProtocol - Initializing ProtocolHandler ["http-nio-8099"]
2024-07-10 15:34:28.858 INFO  [restartedMain] org.apache.catalina.core.StandardService - Starting service [Tomcat]
2024-07-10 15:34:28.858 INFO  [restartedMain] org.apache.catalina.core.StandardEngine - Starting Servlet engine: [Apache Tomcat/9.0.68]
2024-07-10 15:34:28.947 INFO  [restartedMain] org.apache.catalina.core.ContainerBase.[Tomcat].[localhost].[/] - Initializing Spring embedded WebApplicationContext
2024-07-10 15:34:28.947 INFO  [restartedMain] org.springframework.boot.web.servlet.context.ServletWebServerApplicationContext - Root WebApplicationContext: initialization completed in 1215 ms
2024-07-10 15:34:29.702 INFO  [restartedMain] org.springframework.boot.devtools.autoconfigure.OptionalLiveReloadServer - LiveReload server is running on port 35729
2024-07-10 15:34:29.717 INFO  [restartedMain] org.apache.coyote.http11.Http11NioProtocol - Starting ProtocolHandler ["http-nio-8099"]
2024-07-10 15:34:29.729 INFO  [restartedMain] org.springframework.boot.web.embedded.tomcat.TomcatWebServer - Tomcat started on port(s): 8099 (http) with context path ''
2024-07-10 15:34:29.741 INFO  [restartedMain] com.ipi.DemoApplication - Started DemoApplication in 2.492 seconds (JVM running for 3.738)
2024-07-10 15:35:48.663 INFO  [restartedMain] com.ipi.DemoApplication - Starting DemoApplication using Java 1.8.0_241 on DESKTOP-JHUP6CO with PID 9716 (D:\Desktop\IPITools\target\classes started by IPI in D:\Desktop\tyc)
2024-07-10 15:35:48.664 INFO  [restartedMain] com.ipi.DemoApplication - No active profile set, falling back to 1 default profile: "default"
2024-07-10 15:35:48.706 INFO  [restartedMain] org.springframework.boot.devtools.restart.ChangeableUrls - The Class-Path manifest attribute in D:\MavenRepository\com\sun\xml\bind\jaxb-core\2.3.0\jaxb-core-2.3.0.jar referenced one or more files that do not exist: file:/D:/MavenRepository/com/sun/xml/bind/jaxb-core/2.3.0/jaxb-api.jar
2024-07-10 15:35:48.706 INFO  [restartedMain] org.springframework.boot.devtools.restart.ChangeableUrls - The Class-Path manifest attribute in D:\MavenRepository\com\sun\xml\bind\jaxb-impl\2.3.0\jaxb-impl-2.3.0.jar referenced one or more files that do not exist: file:/D:/MavenRepository/com/sun/xml/bind/jaxb-impl/2.3.0/jaxb-core.jar
2024-07-10 15:35:48.706 INFO  [restartedMain] org.springframework.boot.devtools.env.DevToolsPropertyDefaultsPostProcessor - Devtools property defaults active! Set 'spring.devtools.add-properties' to 'false' to disable
2024-07-10 15:35:48.706 INFO  [restartedMain] org.springframework.boot.devtools.env.DevToolsPropertyDefaultsPostProcessor - For additional web related logging consider setting the 'logging.level.web' property to 'DEBUG'
2024-07-10 15:35:49.585 INFO  [restartedMain] org.springframework.boot.web.embedded.tomcat.TomcatWebServer - Tomcat initialized with port(s): 8099 (http)
2024-07-10 15:35:49.590 INFO  [restartedMain] org.apache.coyote.http11.Http11NioProtocol - Initializing ProtocolHandler ["http-nio-8099"]
2024-07-10 15:35:49.591 INFO  [restartedMain] org.apache.catalina.core.StandardService - Starting service [Tomcat]
2024-07-10 15:35:49.591 INFO  [restartedMain] org.apache.catalina.core.StandardEngine - Starting Servlet engine: [Apache Tomcat/9.0.68]
2024-07-10 15:35:49.669 INFO  [restartedMain] org.apache.catalina.core.ContainerBase.[Tomcat].[localhost].[/] - Initializing Spring embedded WebApplicationContext
2024-07-10 15:35:49.670 INFO  [restartedMain] org.springframework.boot.web.servlet.context.ServletWebServerApplicationContext - Root WebApplicationContext: initialization completed in 964 ms
2024-07-10 15:35:50.440 INFO  [restartedMain] org.springframework.boot.devtools.autoconfigure.OptionalLiveReloadServer - LiveReload server is running on port 35729
2024-07-10 15:35:50.454 INFO  [restartedMain] org.apache.coyote.http11.Http11NioProtocol - Starting ProtocolHandler ["http-nio-8099"]
2024-07-10 15:35:50.466 INFO  [restartedMain] org.springframework.boot.web.embedded.tomcat.TomcatWebServer - Tomcat started on port(s): 8099 (http) with context path ''
2024-07-10 15:35:50.478 INFO  [restartedMain] com.ipi.DemoApplication - Started DemoApplication in 2.152 seconds (JVM running for 2.963)
2024-07-10 15:35:55.267 INFO  [http-nio-8099-exec-1] org.apache.catalina.core.ContainerBase.[Tomcat].[localhost].[/] - Initializing Spring DispatcherServlet 'dispatcherServlet'
2024-07-10 15:35:55.267 INFO  [http-nio-8099-exec-1] org.springframework.web.servlet.DispatcherServlet - Initializing Servlet 'dispatcherServlet'
2024-07-10 15:35:55.268 INFO  [http-nio-8099-exec-1] org.springframework.web.servlet.DispatcherServlet - Completed initialization in 1 ms
2024-07-10 16:04:25.102 INFO  [restartedMain] com.ipi.DemoApplication - Starting DemoApplication using Java 1.8.0_241 on DESKTOP-JHUP6CO with PID 23556 (D:\Desktop\IPITools\target\classes started by IPI in D:\Desktop\tyc)
2024-07-10 16:04:25.103 INFO  [restartedMain] com.ipi.DemoApplication - No active profile set, falling back to 1 default profile: "default"
2024-07-10 16:04:25.143 INFO  [restartedMain] org.springframework.boot.devtools.restart.ChangeableUrls - The Class-Path manifest attribute in D:\MavenRepository\com\sun\xml\bind\jaxb-core\2.3.0\jaxb-core-2.3.0.jar referenced one or more files that do not exist: file:/D:/MavenRepository/com/sun/xml/bind/jaxb-core/2.3.0/jaxb-api.jar
2024-07-10 16:04:25.144 INFO  [restartedMain] org.springframework.boot.devtools.restart.ChangeableUrls - The Class-Path manifest attribute in D:\MavenRepository\com\sun\xml\bind\jaxb-impl\2.3.0\jaxb-impl-2.3.0.jar referenced one or more files that do not exist: file:/D:/MavenRepository/com/sun/xml/bind/jaxb-impl/2.3.0/jaxb-core.jar
2024-07-10 16:04:25.144 INFO  [restartedMain] org.springframework.boot.devtools.env.DevToolsPropertyDefaultsPostProcessor - Devtools property defaults active! Set 'spring.devtools.add-properties' to 'false' to disable
2024-07-10 16:04:25.144 INFO  [restartedMain] org.springframework.boot.devtools.env.DevToolsPropertyDefaultsPostProcessor - For additional web related logging consider setting the 'logging.level.web' property to 'DEBUG'
2024-07-10 16:04:26.090 INFO  [restartedMain] org.springframework.boot.web.embedded.tomcat.TomcatWebServer - Tomcat initialized with port(s): 8099 (http)
2024-07-10 16:04:26.098 INFO  [restartedMain] org.apache.coyote.http11.Http11NioProtocol - Initializing ProtocolHandler ["http-nio-8099"]
2024-07-10 16:04:26.098 INFO  [restartedMain] org.apache.catalina.core.StandardService - Starting service [Tomcat]
2024-07-10 16:04:26.098 INFO  [restartedMain] org.apache.catalina.core.StandardEngine - Starting Servlet engine: [Apache Tomcat/9.0.68]
2024-07-10 16:04:26.213 INFO  [restartedMain] org.apache.catalina.core.ContainerBase.[Tomcat].[localhost].[/] - Initializing Spring embedded WebApplicationContext
2024-07-10 16:04:26.213 INFO  [restartedMain] org.springframework.boot.web.servlet.context.ServletWebServerApplicationContext - Root WebApplicationContext: initialization completed in 1069 ms
2024-07-10 16:04:26.947 INFO  [restartedMain] org.springframework.boot.devtools.autoconfigure.OptionalLiveReloadServer - LiveReload server is running on port 35729
2024-07-10 16:04:26.978 INFO  [restartedMain] org.apache.coyote.http11.Http11NioProtocol - Starting ProtocolHandler ["http-nio-8099"]
2024-07-10 16:04:26.996 INFO  [restartedMain] org.springframework.boot.web.embedded.tomcat.TomcatWebServer - Tomcat started on port(s): 8099 (http) with context path ''
2024-07-10 16:04:27.011 INFO  [restartedMain] com.ipi.DemoApplication - Started DemoApplication in 2.395 seconds (JVM running for 3.789)
2024-07-10 16:04:33.438 INFO  [http-nio-8099-exec-1] org.apache.catalina.core.ContainerBase.[Tomcat].[localhost].[/] - Initializing Spring DispatcherServlet 'dispatcherServlet'
2024-07-10 16:04:33.438 INFO  [http-nio-8099-exec-1] org.springframework.web.servlet.DispatcherServlet - Initializing Servlet 'dispatcherServlet'
2024-07-10 16:04:33.439 INFO  [http-nio-8099-exec-1] org.springframework.web.servlet.DispatcherServlet - Completed initialization in 1 ms
