2024-01-16 10:42:41.368 INFO  [restartedMain] com.ipi.DemoApplication - Starting DemoApplication using Java 17.0.8 on DESKTOP-JHUP6CO with PID 50748 (D:\Desktop\IPITools\target\classes started by IPI in D:\Desktop\tyc)
2024-01-16 10:42:41.369 INFO  [restartedMain] com.ipi.DemoApplication - No active profile set, falling back to 1 default profile: "default"
2024-01-16 10:42:41.406 INFO  [restartedMain] org.springframework.boot.devtools.env.DevToolsPropertyDefaultsPostProcessor - Devtools property defaults active! Set 'spring.devtools.add-properties' to 'false' to disable
2024-01-16 10:42:41.406 INFO  [restartedMain] org.springframework.boot.devtools.env.DevToolsPropertyDefaultsPostProcessor - For additional web related logging consider setting the 'logging.level.web' property to 'DEBUG'
2024-01-16 10:42:42.182 INFO  [restartedMain] org.springframework.boot.web.embedded.tomcat.TomcatWebServer - Tomcat initialized with port(s): 8099 (http)
2024-01-16 10:42:42.188 INFO  [restartedMain] org.apache.coyote.http11.Http11NioProtocol - Initializing ProtocolHandler ["http-nio-8099"]
2024-01-16 10:42:42.189 INFO  [restartedMain] org.apache.catalina.core.StandardService - Starting service [Tomcat]
2024-01-16 10:42:42.189 INFO  [restartedMain] org.apache.catalina.core.StandardEngine - Starting Servlet engine: [Apache Tomcat/9.0.68]
2024-01-16 10:42:42.238 INFO  [restartedMain] org.apache.catalina.core.ContainerBase.[Tomcat].[localhost].[/] - Initializing Spring embedded WebApplicationContext
2024-01-16 10:42:42.238 INFO  [restartedMain] org.springframework.boot.web.servlet.context.ServletWebServerApplicationContext - Root WebApplicationContext: initialization completed in 832 ms
2024-01-16 10:42:42.759 INFO  [restartedMain] org.springframework.boot.devtools.autoconfigure.OptionalLiveReloadServer - LiveReload server is running on port 35729
2024-01-16 10:42:42.773 INFO  [restartedMain] org.apache.coyote.http11.Http11NioProtocol - Starting ProtocolHandler ["http-nio-8099"]
2024-01-16 10:42:42.785 INFO  [restartedMain] org.springframework.boot.web.embedded.tomcat.TomcatWebServer - Tomcat started on port(s): 8099 (http) with context path ''
2024-01-16 10:42:42.793 INFO  [restartedMain] com.ipi.DemoApplication - Started DemoApplication in 1.744 seconds (JVM running for 2.494)
2024-01-16 10:43:13.349 INFO  [http-nio-8099-exec-1] org.apache.catalina.core.ContainerBase.[Tomcat].[localhost].[/] - Initializing Spring DispatcherServlet 'dispatcherServlet'
2024-01-16 10:43:13.349 INFO  [http-nio-8099-exec-1] org.springframework.web.servlet.DispatcherServlet - Initializing Servlet 'dispatcherServlet'
2024-01-16 10:43:13.349 INFO  [http-nio-8099-exec-1] org.springframework.web.servlet.DispatcherServlet - Completed initialization in 0 ms
2024-01-16 10:43:33.738 INFO  [restartedMain] com.ipi.DemoApplication - Starting DemoApplication using Java 17.0.8 on DESKTOP-JHUP6CO with PID 53648 (D:\Desktop\IPITools\target\classes started by IPI in D:\Desktop\tyc)
2024-01-16 10:43:33.740 INFO  [restartedMain] com.ipi.DemoApplication - No active profile set, falling back to 1 default profile: "default"
2024-01-16 10:43:33.796 INFO  [restartedMain] org.springframework.boot.devtools.env.DevToolsPropertyDefaultsPostProcessor - Devtools property defaults active! Set 'spring.devtools.add-properties' to 'false' to disable
2024-01-16 10:43:33.796 INFO  [restartedMain] org.springframework.boot.devtools.env.DevToolsPropertyDefaultsPostProcessor - For additional web related logging consider setting the 'logging.level.web' property to 'DEBUG'
2024-01-16 10:43:34.985 INFO  [restartedMain] org.springframework.boot.web.embedded.tomcat.TomcatWebServer - Tomcat initialized with port(s): 8099 (http)
2024-01-16 10:43:34.993 INFO  [restartedMain] org.apache.coyote.http11.Http11NioProtocol - Initializing ProtocolHandler ["http-nio-8099"]
2024-01-16 10:43:34.994 INFO  [restartedMain] org.apache.catalina.core.StandardService - Starting service [Tomcat]
2024-01-16 10:43:34.994 INFO  [restartedMain] org.apache.catalina.core.StandardEngine - Starting Servlet engine: [Apache Tomcat/9.0.68]
2024-01-16 10:43:35.066 INFO  [restartedMain] org.apache.catalina.core.ContainerBase.[Tomcat].[localhost].[/] - Initializing Spring embedded WebApplicationContext
2024-01-16 10:43:35.067 INFO  [restartedMain] org.springframework.boot.web.servlet.context.ServletWebServerApplicationContext - Root WebApplicationContext: initialization completed in 1270 ms
2024-01-16 10:43:35.926 INFO  [restartedMain] org.springframework.boot.devtools.autoconfigure.OptionalLiveReloadServer - LiveReload server is running on port 35729
2024-01-16 10:43:35.950 INFO  [restartedMain] org.apache.coyote.http11.Http11NioProtocol - Starting ProtocolHandler ["http-nio-8099"]
2024-01-16 10:43:35.969 INFO  [restartedMain] org.springframework.boot.web.embedded.tomcat.TomcatWebServer - Tomcat started on port(s): 8099 (http) with context path ''
2024-01-16 10:43:35.982 INFO  [restartedMain] com.ipi.DemoApplication - Started DemoApplication in 2.71 seconds (JVM running for 3.359)
2024-01-16 10:43:39.356 INFO  [http-nio-8099-exec-1] org.apache.catalina.core.ContainerBase.[Tomcat].[localhost].[/] - Initializing Spring DispatcherServlet 'dispatcherServlet'
2024-01-16 10:43:39.357 INFO  [http-nio-8099-exec-1] org.springframework.web.servlet.DispatcherServlet - Initializing Servlet 'dispatcherServlet'
2024-01-16 10:43:39.358 INFO  [http-nio-8099-exec-1] org.springframework.web.servlet.DispatcherServlet - Completed initialization in 1 ms
2024-01-16 10:43:48.763 INFO  [restartedMain] com.ipi.DemoApplication - Starting DemoApplication using Java 17.0.8 on DESKTOP-JHUP6CO with PID 27412 (D:\Desktop\IPITools\target\classes started by IPI in D:\Desktop\tyc)
2024-01-16 10:43:48.764 INFO  [restartedMain] com.ipi.DemoApplication - No active profile set, falling back to 1 default profile: "default"
2024-01-16 10:43:48.797 INFO  [restartedMain] org.springframework.boot.devtools.env.DevToolsPropertyDefaultsPostProcessor - Devtools property defaults active! Set 'spring.devtools.add-properties' to 'false' to disable
2024-01-16 10:43:48.797 INFO  [restartedMain] org.springframework.boot.devtools.env.DevToolsPropertyDefaultsPostProcessor - For additional web related logging consider setting the 'logging.level.web' property to 'DEBUG'
2024-01-16 10:43:49.498 INFO  [restartedMain] org.springframework.boot.web.embedded.tomcat.TomcatWebServer - Tomcat initialized with port(s): 8099 (http)
2024-01-16 10:43:49.504 INFO  [restartedMain] org.apache.coyote.http11.Http11NioProtocol - Initializing ProtocolHandler ["http-nio-8099"]
2024-01-16 10:43:49.504 INFO  [restartedMain] org.apache.catalina.core.StandardService - Starting service [Tomcat]
2024-01-16 10:43:49.505 INFO  [restartedMain] org.apache.catalina.core.StandardEngine - Starting Servlet engine: [Apache Tomcat/9.0.68]
2024-01-16 10:43:49.545 INFO  [restartedMain] org.apache.catalina.core.ContainerBase.[Tomcat].[localhost].[/] - Initializing Spring embedded WebApplicationContext
2024-01-16 10:43:49.546 INFO  [restartedMain] org.springframework.boot.web.servlet.context.ServletWebServerApplicationContext - Root WebApplicationContext: initialization completed in 748 ms
2024-01-16 10:43:50.047 INFO  [restartedMain] org.springframework.boot.devtools.autoconfigure.OptionalLiveReloadServer - LiveReload server is running on port 35729
2024-01-16 10:43:50.062 INFO  [restartedMain] org.apache.coyote.http11.Http11NioProtocol - Starting ProtocolHandler ["http-nio-8099"]
2024-01-16 10:43:50.074 INFO  [restartedMain] org.springframework.boot.web.embedded.tomcat.TomcatWebServer - Tomcat started on port(s): 8099 (http) with context path ''
2024-01-16 10:43:50.082 INFO  [restartedMain] com.ipi.DemoApplication - Started DemoApplication in 1.592 seconds (JVM running for 2.019)
2024-01-16 10:44:06.581 INFO  [http-nio-8099-exec-1] org.apache.catalina.core.ContainerBase.[Tomcat].[localhost].[/] - Initializing Spring DispatcherServlet 'dispatcherServlet'
2024-01-16 10:44:06.582 INFO  [http-nio-8099-exec-1] org.springframework.web.servlet.DispatcherServlet - Initializing Servlet 'dispatcherServlet'
2024-01-16 10:44:06.582 INFO  [http-nio-8099-exec-1] org.springframework.web.servlet.DispatcherServlet - Completed initialization in 0 ms
2024-01-16 10:45:23.336 INFO  [restartedMain] com.ipi.DemoApplication - Starting DemoApplication using Java 17.0.8 on DESKTOP-JHUP6CO with PID 3080 (D:\Desktop\IPITools\target\classes started by IPI in D:\Desktop\tyc)
2024-01-16 10:45:23.337 INFO  [restartedMain] com.ipi.DemoApplication - No active profile set, falling back to 1 default profile: "default"
2024-01-16 10:45:23.372 INFO  [restartedMain] org.springframework.boot.devtools.env.DevToolsPropertyDefaultsPostProcessor - Devtools property defaults active! Set 'spring.devtools.add-properties' to 'false' to disable
2024-01-16 10:45:23.372 INFO  [restartedMain] org.springframework.boot.devtools.env.DevToolsPropertyDefaultsPostProcessor - For additional web related logging consider setting the 'logging.level.web' property to 'DEBUG'
2024-01-16 10:45:24.172 INFO  [restartedMain] org.springframework.boot.web.embedded.tomcat.TomcatWebServer - Tomcat initialized with port(s): 8099 (http)
2024-01-16 10:45:24.179 INFO  [restartedMain] org.apache.coyote.http11.Http11NioProtocol - Initializing ProtocolHandler ["http-nio-8099"]
2024-01-16 10:45:24.180 INFO  [restartedMain] org.apache.catalina.core.StandardService - Starting service [Tomcat]
2024-01-16 10:45:24.180 INFO  [restartedMain] org.apache.catalina.core.StandardEngine - Starting Servlet engine: [Apache Tomcat/9.0.68]
2024-01-16 10:45:24.223 INFO  [restartedMain] org.apache.catalina.core.ContainerBase.[Tomcat].[localhost].[/] - Initializing Spring embedded WebApplicationContext
2024-01-16 10:45:24.224 INFO  [restartedMain] org.springframework.boot.web.servlet.context.ServletWebServerApplicationContext - Root WebApplicationContext: initialization completed in 851 ms
2024-01-16 10:45:24.776 INFO  [restartedMain] org.springframework.boot.devtools.autoconfigure.OptionalLiveReloadServer - LiveReload server is running on port 35729
2024-01-16 10:45:24.791 INFO  [restartedMain] org.apache.coyote.http11.Http11NioProtocol - Starting ProtocolHandler ["http-nio-8099"]
2024-01-16 10:45:24.804 INFO  [restartedMain] org.springframework.boot.web.embedded.tomcat.TomcatWebServer - Tomcat started on port(s): 8099 (http) with context path ''
2024-01-16 10:45:24.813 INFO  [restartedMain] com.ipi.DemoApplication - Started DemoApplication in 1.759 seconds (JVM running for 2.591)
2024-01-16 10:45:43.325 INFO  [restartedMain] com.ipi.DemoApplication - Starting DemoApplication using Java 17.0.8 on DESKTOP-JHUP6CO with PID 59688 (D:\Desktop\IPITools\target\classes started by IPI in D:\Desktop\tyc)
2024-01-16 10:45:43.326 INFO  [restartedMain] com.ipi.DemoApplication - No active profile set, falling back to 1 default profile: "default"
2024-01-16 10:45:43.359 INFO  [restartedMain] org.springframework.boot.devtools.env.DevToolsPropertyDefaultsPostProcessor - Devtools property defaults active! Set 'spring.devtools.add-properties' to 'false' to disable
2024-01-16 10:45:43.360 INFO  [restartedMain] org.springframework.boot.devtools.env.DevToolsPropertyDefaultsPostProcessor - For additional web related logging consider setting the 'logging.level.web' property to 'DEBUG'
2024-01-16 10:45:44.051 INFO  [restartedMain] org.springframework.boot.web.embedded.tomcat.TomcatWebServer - Tomcat initialized with port(s): 8099 (http)
2024-01-16 10:45:44.057 INFO  [restartedMain] org.apache.coyote.http11.Http11NioProtocol - Initializing ProtocolHandler ["http-nio-8099"]
2024-01-16 10:45:44.058 INFO  [restartedMain] org.apache.catalina.core.StandardService - Starting service [Tomcat]
2024-01-16 10:45:44.058 INFO  [restartedMain] org.apache.catalina.core.StandardEngine - Starting Servlet engine: [Apache Tomcat/9.0.68]
2024-01-16 10:45:44.099 INFO  [restartedMain] org.apache.catalina.core.ContainerBase.[Tomcat].[localhost].[/] - Initializing Spring embedded WebApplicationContext
2024-01-16 10:45:44.099 INFO  [restartedMain] org.springframework.boot.web.servlet.context.ServletWebServerApplicationContext - Root WebApplicationContext: initialization completed in 739 ms
2024-01-16 10:45:44.597 INFO  [restartedMain] org.springframework.boot.devtools.autoconfigure.OptionalLiveReloadServer - LiveReload server is running on port 35729
2024-01-16 10:45:44.610 INFO  [restartedMain] org.apache.coyote.http11.Http11NioProtocol - Starting ProtocolHandler ["http-nio-8099"]
2024-01-16 10:45:44.622 INFO  [restartedMain] org.springframework.boot.web.embedded.tomcat.TomcatWebServer - Tomcat started on port(s): 8099 (http) with context path ''
2024-01-16 10:45:44.631 INFO  [restartedMain] com.ipi.DemoApplication - Started DemoApplication in 1.571 seconds (JVM running for 1.982)
2024-01-16 10:45:49.288 INFO  [http-nio-8099-exec-1] org.apache.catalina.core.ContainerBase.[Tomcat].[localhost].[/] - Initializing Spring DispatcherServlet 'dispatcherServlet'
2024-01-16 10:45:49.289 INFO  [http-nio-8099-exec-1] org.springframework.web.servlet.DispatcherServlet - Initializing Servlet 'dispatcherServlet'
2024-01-16 10:45:49.289 INFO  [http-nio-8099-exec-1] org.springframework.web.servlet.DispatcherServlet - Completed initialization in 0 ms
2024-01-16 10:46:46.766 INFO  [restartedMain] com.ipi.DemoApplication - Starting DemoApplication using Java 17.0.8 on DESKTOP-JHUP6CO with PID 55800 (D:\Desktop\IPITools\target\classes started by IPI in D:\Desktop\tyc)
2024-01-16 10:46:46.768 INFO  [restartedMain] com.ipi.DemoApplication - No active profile set, falling back to 1 default profile: "default"
2024-01-16 10:46:46.813 INFO  [restartedMain] org.springframework.boot.devtools.env.DevToolsPropertyDefaultsPostProcessor - Devtools property defaults active! Set 'spring.devtools.add-properties' to 'false' to disable
2024-01-16 10:46:46.813 INFO  [restartedMain] org.springframework.boot.devtools.env.DevToolsPropertyDefaultsPostProcessor - For additional web related logging consider setting the 'logging.level.web' property to 'DEBUG'
2024-01-16 10:46:47.662 INFO  [restartedMain] org.springframework.boot.web.embedded.tomcat.TomcatWebServer - Tomcat initialized with port(s): 8099 (http)
2024-01-16 10:46:47.668 INFO  [restartedMain] org.apache.coyote.http11.Http11NioProtocol - Initializing ProtocolHandler ["http-nio-8099"]
2024-01-16 10:46:47.668 INFO  [restartedMain] org.apache.catalina.core.StandardService - Starting service [Tomcat]
2024-01-16 10:46:47.668 INFO  [restartedMain] org.apache.catalina.core.StandardEngine - Starting Servlet engine: [Apache Tomcat/9.0.68]
2024-01-16 10:46:47.718 INFO  [restartedMain] org.apache.catalina.core.ContainerBase.[Tomcat].[localhost].[/] - Initializing Spring embedded WebApplicationContext
2024-01-16 10:46:47.719 INFO  [restartedMain] org.springframework.boot.web.servlet.context.ServletWebServerApplicationContext - Root WebApplicationContext: initialization completed in 905 ms
2024-01-16 10:46:48.338 INFO  [restartedMain] org.springframework.boot.devtools.autoconfigure.OptionalLiveReloadServer - LiveReload server is running on port 35729
2024-01-16 10:46:48.352 INFO  [restartedMain] org.apache.coyote.http11.Http11NioProtocol - Starting ProtocolHandler ["http-nio-8099"]
2024-01-16 10:46:48.365 INFO  [restartedMain] org.springframework.boot.web.embedded.tomcat.TomcatWebServer - Tomcat started on port(s): 8099 (http) with context path ''
2024-01-16 10:46:48.374 INFO  [restartedMain] com.ipi.DemoApplication - Started DemoApplication in 1.973 seconds (JVM running for 2.687)
2024-01-16 10:46:55.579 INFO  [http-nio-8099-exec-1] org.apache.catalina.core.ContainerBase.[Tomcat].[localhost].[/] - Initializing Spring DispatcherServlet 'dispatcherServlet'
2024-01-16 10:46:55.579 INFO  [http-nio-8099-exec-1] org.springframework.web.servlet.DispatcherServlet - Initializing Servlet 'dispatcherServlet'
2024-01-16 10:46:55.580 INFO  [http-nio-8099-exec-1] org.springframework.web.servlet.DispatcherServlet - Completed initialization in 1 ms
2024-01-16 10:47:58.050 INFO  [restartedMain] com.ipi.DemoApplication - Starting DemoApplication using Java 17.0.8 on DESKTOP-JHUP6CO with PID 54280 (D:\Desktop\IPITools\target\classes started by IPI in D:\Desktop\tyc)
2024-01-16 10:47:58.051 INFO  [restartedMain] com.ipi.DemoApplication - No active profile set, falling back to 1 default profile: "default"
2024-01-16 10:47:58.087 INFO  [restartedMain] org.springframework.boot.devtools.env.DevToolsPropertyDefaultsPostProcessor - Devtools property defaults active! Set 'spring.devtools.add-properties' to 'false' to disable
2024-01-16 10:47:58.087 INFO  [restartedMain] org.springframework.boot.devtools.env.DevToolsPropertyDefaultsPostProcessor - For additional web related logging consider setting the 'logging.level.web' property to 'DEBUG'
2024-01-16 10:47:58.822 INFO  [restartedMain] org.springframework.boot.web.embedded.tomcat.TomcatWebServer - Tomcat initialized with port(s): 8099 (http)
2024-01-16 10:47:58.828 INFO  [restartedMain] org.apache.coyote.http11.Http11NioProtocol - Initializing ProtocolHandler ["http-nio-8099"]
2024-01-16 10:47:58.828 INFO  [restartedMain] org.apache.catalina.core.StandardService - Starting service [Tomcat]
2024-01-16 10:47:58.828 INFO  [restartedMain] org.apache.catalina.core.StandardEngine - Starting Servlet engine: [Apache Tomcat/9.0.68]
2024-01-16 10:47:58.866 INFO  [restartedMain] org.apache.catalina.core.ContainerBase.[Tomcat].[localhost].[/] - Initializing Spring embedded WebApplicationContext
2024-01-16 10:47:58.867 INFO  [restartedMain] org.springframework.boot.web.servlet.context.ServletWebServerApplicationContext - Root WebApplicationContext: initialization completed in 780 ms
2024-01-16 10:47:59.379 INFO  [restartedMain] org.springframework.boot.devtools.autoconfigure.OptionalLiveReloadServer - LiveReload server is running on port 35729
2024-01-16 10:47:59.393 INFO  [restartedMain] org.apache.coyote.http11.Http11NioProtocol - Starting ProtocolHandler ["http-nio-8099"]
2024-01-16 10:47:59.407 INFO  [restartedMain] org.springframework.boot.web.embedded.tomcat.TomcatWebServer - Tomcat started on port(s): 8099 (http) with context path ''
2024-01-16 10:47:59.415 INFO  [restartedMain] com.ipi.DemoApplication - Started DemoApplication in 1.632 seconds (JVM running for 2.026)
2024-01-16 10:48:06.102 INFO  [http-nio-8099-exec-1] org.apache.catalina.core.ContainerBase.[Tomcat].[localhost].[/] - Initializing Spring DispatcherServlet 'dispatcherServlet'
2024-01-16 10:48:06.102 INFO  [http-nio-8099-exec-1] org.springframework.web.servlet.DispatcherServlet - Initializing Servlet 'dispatcherServlet'
2024-01-16 10:48:06.103 INFO  [http-nio-8099-exec-1] org.springframework.web.servlet.DispatcherServlet - Completed initialization in 1 ms
2024-01-16 10:49:23.826 INFO  [restartedMain] com.ipi.DemoApplication - Starting DemoApplication using Java 17.0.8 on DESKTOP-JHUP6CO with PID 31004 (D:\Desktop\IPITools\target\classes started by IPI in D:\Desktop\tyc)
2024-01-16 10:49:23.827 INFO  [restartedMain] com.ipi.DemoApplication - No active profile set, falling back to 1 default profile: "default"
2024-01-16 10:49:23.865 INFO  [restartedMain] org.springframework.boot.devtools.env.DevToolsPropertyDefaultsPostProcessor - Devtools property defaults active! Set 'spring.devtools.add-properties' to 'false' to disable
2024-01-16 10:49:23.865 INFO  [restartedMain] org.springframework.boot.devtools.env.DevToolsPropertyDefaultsPostProcessor - For additional web related logging consider setting the 'logging.level.web' property to 'DEBUG'
2024-01-16 10:49:24.582 INFO  [restartedMain] org.springframework.boot.web.embedded.tomcat.TomcatWebServer - Tomcat initialized with port(s): 8099 (http)
2024-01-16 10:49:24.588 INFO  [restartedMain] org.apache.coyote.http11.Http11NioProtocol - Initializing ProtocolHandler ["http-nio-8099"]
2024-01-16 10:49:24.588 INFO  [restartedMain] org.apache.catalina.core.StandardService - Starting service [Tomcat]
2024-01-16 10:49:24.588 INFO  [restartedMain] org.apache.catalina.core.StandardEngine - Starting Servlet engine: [Apache Tomcat/9.0.68]
2024-01-16 10:49:24.629 INFO  [restartedMain] org.apache.catalina.core.ContainerBase.[Tomcat].[localhost].[/] - Initializing Spring embedded WebApplicationContext
2024-01-16 10:49:24.630 INFO  [restartedMain] org.springframework.boot.web.servlet.context.ServletWebServerApplicationContext - Root WebApplicationContext: initialization completed in 764 ms
2024-01-16 10:49:25.131 INFO  [restartedMain] org.springframework.boot.devtools.autoconfigure.OptionalLiveReloadServer - LiveReload server is running on port 35729
2024-01-16 10:49:25.146 INFO  [restartedMain] org.apache.coyote.http11.Http11NioProtocol - Starting ProtocolHandler ["http-nio-8099"]
2024-01-16 10:49:25.159 INFO  [restartedMain] org.springframework.boot.web.embedded.tomcat.TomcatWebServer - Tomcat started on port(s): 8099 (http) with context path ''
2024-01-16 10:49:25.166 INFO  [restartedMain] com.ipi.DemoApplication - Started DemoApplication in 1.615 seconds (JVM running for 2.138)
2024-01-16 10:49:30.622 INFO  [http-nio-8099-exec-1] org.apache.catalina.core.ContainerBase.[Tomcat].[localhost].[/] - Initializing Spring DispatcherServlet 'dispatcherServlet'
2024-01-16 10:49:30.622 INFO  [http-nio-8099-exec-1] org.springframework.web.servlet.DispatcherServlet - Initializing Servlet 'dispatcherServlet'
2024-01-16 10:49:30.623 INFO  [http-nio-8099-exec-1] org.springframework.web.servlet.DispatcherServlet - Completed initialization in 1 ms
2024-01-16 10:49:49.570 INFO  [http-nio-8099-exec-5] com.ipi.tasks.SynPerSonToOA - 2024-01-15
2024-01-16 10:49:49.590 INFO  [http-nio-8099-exec-5] com.zaxxer.hikari.HikariDataSource - HikariPool-1 - Starting...
2024-01-16 10:49:49.859 INFO  [http-nio-8099-exec-5] com.zaxxer.hikari.HikariDataSource - HikariPool-1 - Start completed.
2024-01-16 10:52:55.014 INFO  [http-nio-8099-exec-9] com.ipi.tasks.SynPerSonToOA - 12155
2024-01-16 10:52:58.433 ERROR [http-nio-8099-exec-9] com.ipi.tasks.SynPerSonToOA - 同步人力资源表时出现异常，异常信息为:java.lang.NullPointerException: Cannot invoke "java.util.Map.get(Object)" because "map" is null
	at com.ipi.tasks.SynPerSonToOA.syn(SynPerSonToOA.java:94)
	at com.ipi.tasks.SynPerSonToOA.synByWorkCode(SynPerSonToOA.java:74)
	at com.ipi.controler.AdminController.bt3(AdminController.java:61)
	at java.base/jdk.internal.reflect.NativeMethodAccessorImpl.invoke0(Native Method)
	at java.base/jdk.internal.reflect.NativeMethodAccessorImpl.invoke(NativeMethodAccessorImpl.java:77)
	at java.base/jdk.internal.reflect.DelegatingMethodAccessorImpl.invoke(DelegatingMethodAccessorImpl.java:43)
	at java.base/java.lang.reflect.Method.invoke(Method.java:568)
	at org.springframework.web.method.support.InvocableHandlerMethod.doInvoke(InvocableHandlerMethod.java:205)
	at org.springframework.web.method.support.InvocableHandlerMethod.invokeForRequest(InvocableHandlerMethod.java:150)
	at org.springframework.web.servlet.mvc.method.annotation.ServletInvocableHandlerMethod.invokeAndHandle(ServletInvocableHandlerMethod.java:117)
	at org.springframework.web.servlet.mvc.method.annotation.RequestMappingHandlerAdapter.invokeHandlerMethod(RequestMappingHandlerAdapter.java:895)
	at org.springframework.web.servlet.mvc.method.annotation.RequestMappingHandlerAdapter.handleInternal(RequestMappingHandlerAdapter.java:808)
	at org.springframework.web.servlet.mvc.method.AbstractHandlerMethodAdapter.handle(AbstractHandlerMethodAdapter.java:87)
	at org.springframework.web.servlet.DispatcherServlet.doDispatch(DispatcherServlet.java:1071)
	at org.springframework.web.servlet.DispatcherServlet.doService(DispatcherServlet.java:964)
	at org.springframework.web.servlet.FrameworkServlet.processRequest(FrameworkServlet.java:1006)
	at org.springframework.web.servlet.FrameworkServlet.doPost(FrameworkServlet.java:909)
	at javax.servlet.http.HttpServlet.service(HttpServlet.java:696)
	at org.springframework.web.servlet.FrameworkServlet.service(FrameworkServlet.java:883)
	at javax.servlet.http.HttpServlet.service(HttpServlet.java:779)
	at org.apache.catalina.core.ApplicationFilterChain.internalDoFilter(ApplicationFilterChain.java:227)
	at org.apache.catalina.core.ApplicationFilterChain.doFilter(ApplicationFilterChain.java:162)
	at org.apache.tomcat.websocket.server.WsFilter.doFilter(WsFilter.java:53)
	at org.apache.catalina.core.ApplicationFilterChain.internalDoFilter(ApplicationFilterChain.java:189)
	at org.apache.catalina.core.ApplicationFilterChain.doFilter(ApplicationFilterChain.java:162)
	at org.springframework.web.filter.RequestContextFilter.doFilterInternal(RequestContextFilter.java:100)
	at org.springframework.web.filter.OncePerRequestFilter.doFilter(OncePerRequestFilter.java:117)
	at org.apache.catalina.core.ApplicationFilterChain.internalDoFilter(ApplicationFilterChain.java:189)
	at org.apache.catalina.core.ApplicationFilterChain.doFilter(ApplicationFilterChain.java:162)
	at org.springframework.web.filter.FormContentFilter.doFilterInternal(FormContentFilter.java:93)
	at org.springframework.web.filter.OncePerRequestFilter.doFilter(OncePerRequestFilter.java:117)
	at org.apache.catalina.core.ApplicationFilterChain.internalDoFilter(ApplicationFilterChain.java:189)
	at org.apache.catalina.core.ApplicationFilterChain.doFilter(ApplicationFilterChain.java:162)
	at org.springframework.web.filter.CharacterEncodingFilter.doFilterInternal(CharacterEncodingFilter.java:201)
	at org.springframework.web.filter.OncePerRequestFilter.doFilter(OncePerRequestFilter.java:117)
	at org.apache.catalina.core.ApplicationFilterChain.internalDoFilter(ApplicationFilterChain.java:189)
	at org.apache.catalina.core.ApplicationFilterChain.doFilter(ApplicationFilterChain.java:162)
	at org.apache.catalina.core.StandardWrapperValve.invoke(StandardWrapperValve.java:197)
	at org.apache.catalina.core.StandardContextValve.invoke(StandardContextValve.java:97)
	at org.apache.catalina.authenticator.AuthenticatorBase.invoke(AuthenticatorBase.java:541)
	at org.apache.catalina.core.StandardHostValve.invoke(StandardHostValve.java:135)
	at org.apache.catalina.valves.ErrorReportValve.invoke(ErrorReportValve.java:92)
	at org.apache.catalina.core.StandardEngineValve.invoke(StandardEngineValve.java:78)
	at org.apache.catalina.connector.CoyoteAdapter.service(CoyoteAdapter.java:360)
	at org.apache.coyote.http11.Http11Processor.service(Http11Processor.java:399)
	at org.apache.coyote.AbstractProcessorLight.process(AbstractProcessorLight.java:65)
	at org.apache.coyote.AbstractProtocol$ConnectionHandler.process(AbstractProtocol.java:893)
	at org.apache.tomcat.util.net.NioEndpoint$SocketProcessor.doRun(NioEndpoint.java:1789)
	at org.apache.tomcat.util.net.SocketProcessorBase.run(SocketProcessorBase.java:49)
	at org.apache.tomcat.util.threads.ThreadPoolExecutor.runWorker(ThreadPoolExecutor.java:1191)
	at org.apache.tomcat.util.threads.ThreadPoolExecutor$Worker.run(ThreadPoolExecutor.java:659)
	at org.apache.tomcat.util.threads.TaskThread$WrappingRunnable.run(TaskThread.java:61)
	at java.base/java.lang.Thread.run(Thread.java:833)

2024-01-16 10:55:10.178 INFO  [SpringApplicationShutdownHook] com.zaxxer.hikari.HikariDataSource - HikariPool-1 - Shutdown initiated...
2024-01-16 10:55:10.180 INFO  [SpringApplicationShutdownHook] com.zaxxer.hikari.HikariDataSource - HikariPool-1 - Shutdown completed.
2024-01-16 10:55:16.640 INFO  [restartedMain] com.ipi.DemoApplication - Starting DemoApplication using Java 17.0.8 on DESKTOP-JHUP6CO with PID 60544 (D:\Desktop\IPITools\target\classes started by IPI in D:\Desktop\tyc)
2024-01-16 10:55:16.641 INFO  [restartedMain] com.ipi.DemoApplication - No active profile set, falling back to 1 default profile: "default"
2024-01-16 10:55:16.678 INFO  [restartedMain] org.springframework.boot.devtools.env.DevToolsPropertyDefaultsPostProcessor - Devtools property defaults active! Set 'spring.devtools.add-properties' to 'false' to disable
2024-01-16 10:55:16.678 INFO  [restartedMain] org.springframework.boot.devtools.env.DevToolsPropertyDefaultsPostProcessor - For additional web related logging consider setting the 'logging.level.web' property to 'DEBUG'
2024-01-16 10:55:17.424 INFO  [restartedMain] org.springframework.boot.web.embedded.tomcat.TomcatWebServer - Tomcat initialized with port(s): 8099 (http)
2024-01-16 10:55:17.430 INFO  [restartedMain] org.apache.coyote.http11.Http11NioProtocol - Initializing ProtocolHandler ["http-nio-8099"]
2024-01-16 10:55:17.430 INFO  [restartedMain] org.apache.catalina.core.StandardService - Starting service [Tomcat]
2024-01-16 10:55:17.430 INFO  [restartedMain] org.apache.catalina.core.StandardEngine - Starting Servlet engine: [Apache Tomcat/9.0.68]
2024-01-16 10:55:17.473 INFO  [restartedMain] org.apache.catalina.core.ContainerBase.[Tomcat].[localhost].[/] - Initializing Spring embedded WebApplicationContext
2024-01-16 10:55:17.473 INFO  [restartedMain] org.springframework.boot.web.servlet.context.ServletWebServerApplicationContext - Root WebApplicationContext: initialization completed in 794 ms
2024-01-16 10:55:18.028 INFO  [restartedMain] org.springframework.boot.devtools.autoconfigure.OptionalLiveReloadServer - LiveReload server is running on port 35729
2024-01-16 10:55:18.041 INFO  [restartedMain] org.apache.coyote.http11.Http11NioProtocol - Starting ProtocolHandler ["http-nio-8099"]
2024-01-16 10:55:18.052 INFO  [restartedMain] org.springframework.boot.web.embedded.tomcat.TomcatWebServer - Tomcat started on port(s): 8099 (http) with context path ''
2024-01-16 10:55:18.061 INFO  [restartedMain] com.ipi.DemoApplication - Started DemoApplication in 1.723 seconds (JVM running for 2.179)
2024-01-16 10:55:36.310 INFO  [http-nio-8099-exec-1] org.apache.catalina.core.ContainerBase.[Tomcat].[localhost].[/] - Initializing Spring DispatcherServlet 'dispatcherServlet'
2024-01-16 10:55:36.310 INFO  [http-nio-8099-exec-1] org.springframework.web.servlet.DispatcherServlet - Initializing Servlet 'dispatcherServlet'
2024-01-16 10:55:36.311 INFO  [http-nio-8099-exec-1] org.springframework.web.servlet.DispatcherServlet - Completed initialization in 1 ms
2024-01-16 10:55:36.326 INFO  [http-nio-8099-exec-1] com.ipi.tasks.SynPerSonToOA - 12155
2024-01-16 10:55:36.337 INFO  [http-nio-8099-exec-1] com.zaxxer.hikari.HikariDataSource - HikariPool-1 - Starting...
2024-01-16 10:55:36.535 INFO  [http-nio-8099-exec-1] com.zaxxer.hikari.HikariDataSource - HikariPool-1 - Start completed.
2024-01-16 10:55:55.964 WARN  [http-nio-8099-exec-7] com.ipi.tasks.SynPersonToWorkWx - user:{"errcode":48009,"errmsg":"api forbidden for contact assistant, hint: [1705373755115812992858003], from ip: 119.136.26.130, more info at https://open.work.weixin.qq.com/devtool/query?e=48009","is_leader_in_dept":[],"direct_leader":[],"department":[],"order":[]}
2024-01-16 10:55:55.964 WARN  [http-nio-8099-exec-7] com.ipi.tasks.SynPersonToWorkWx - 12155鄢程飞准备同步到企业微信:
2024-01-16 10:55:55.964 INFO  [http-nio-8099-exec-7] com.ipi.tasks.SynPersonToWorkWx - 获取的图片id:
2024-01-16 10:55:56.102 WARN  [http-nio-8099-exec-7] com.ipi.tasks.SynPersonToWorkWx - 查询出来的部门id：871
2024-01-16 10:55:56.103 INFO  [http-nio-8099-exec-7] com.ipi.tasks.SynPersonToWorkWx - 创建人员的json:{"userid": "12155","alias": "yan cheng fei","name": "鄢程飞","mobile": "15270181093","department": [871],"order": [10,20],"position": "管理职:无","gender": "1","direct_leader": [],"enable": 1,"avatar_mediaid": "","main_department": 871,"extattr": {"attrs": [{"name": "PQ等级","text": {"value": "08"},"type": 0},{"name": "直属主管","text": {"value": "陈文强"},"type": 0},{"name": "职位","text": {"value": "IT运维工程师"},"type": 0},{"name": "工号","text": {"value": "12155"},"type": 0},{"name":"紧急号码","text":{"value":"18774996063"},"type":0}]},"to_invite": true,"external_position": "管理职:无"}
2024-01-16 10:55:56.717 INFO  [http-nio-8099-exec-7] com.ipi.tasks.SynPersonToWorkWx - 创建返回结果:{"errcode":60104,"errmsg":"mobile existed, hint: [1705373756419200435669223], from ip: 119.136.26.130, more info at https://open.work.weixin.qq.com/devtool/query?e=60104"}
2024-01-16 10:55:56.717 ERROR [http-nio-8099-exec-7] com.ipi.tasks.SynPersonToWorkWx - 手机号码已存在:15270181093
2024-01-16 10:59:13.880 INFO  [File Watcher] org.springframework.boot.devtools.autoconfigure.LocalDevToolsAutoConfiguration$RestartingClassPathChangeChangedEventListener - Restarting due to 1 class path change (0 additions, 1 deletion, 0 modifications)
2024-01-16 10:59:13.895 INFO  [Thread-5] org.apache.coyote.http11.Http11NioProtocol - Pausing ProtocolHandler ["http-nio-8099"]
2024-01-16 10:59:13.896 INFO  [Thread-5] org.apache.catalina.core.StandardService - Stopping service [Tomcat]
2024-01-16 10:59:13.897 INFO  [Thread-5] org.apache.catalina.core.ContainerBase.[Tomcat].[localhost].[/] - Destroying Spring FrameworkServlet 'dispatcherServlet'
2024-01-16 10:59:13.899 WARN  [Thread-5] org.apache.catalina.loader.WebappClassLoaderBase - The web application [ROOT] appears to have started a thread named [mssql-jdbc-shared-timer-core-0] but has failed to stop it. This is very likely to create a memory leak. Stack trace of thread:
 java.base@17.0.8/jdk.internal.misc.Unsafe.park(Native Method)
 java.base@17.0.8/java.util.concurrent.locks.LockSupport.park(LockSupport.java:341)
 java.base@17.0.8/java.util.concurrent.locks.AbstractQueuedSynchronizer$ConditionNode.block(AbstractQueuedSynchronizer.java:506)
 java.base@17.0.8/java.util.concurrent.ForkJoinPool.unmanagedBlock(ForkJoinPool.java:3465)
 java.base@17.0.8/java.util.concurrent.ForkJoinPool.managedBlock(ForkJoinPool.java:3436)
 java.base@17.0.8/java.util.concurrent.locks.AbstractQueuedSynchronizer$ConditionObject.await(AbstractQueuedSynchronizer.java:1623)
 java.base@17.0.8/java.util.concurrent.ScheduledThreadPoolExecutor$DelayedWorkQueue.take(ScheduledThreadPoolExecutor.java:1170)
 java.base@17.0.8/java.util.concurrent.ScheduledThreadPoolExecutor$DelayedWorkQueue.take(ScheduledThreadPoolExecutor.java:899)
 java.base@17.0.8/java.util.concurrent.ThreadPoolExecutor.getTask(ThreadPoolExecutor.java:1062)
 java.base@17.0.8/java.util.concurrent.ThreadPoolExecutor.runWorker(ThreadPoolExecutor.java:1122)
 java.base@17.0.8/java.util.concurrent.ThreadPoolExecutor$Worker.run(ThreadPoolExecutor.java:635)
 java.base@17.0.8/java.lang.Thread.run(Thread.java:833)
2024-01-16 10:59:13.900 WARN  [Thread-5] org.apache.catalina.loader.WebappClassLoaderBase - The web application [ROOT] appears to have started a thread named [HikariPool-1 housekeeper] but has failed to stop it. This is very likely to create a memory leak. Stack trace of thread:
 java.base@17.0.8/jdk.internal.misc.Unsafe.park(Native Method)
 java.base@17.0.8/java.util.concurrent.locks.LockSupport.parkNanos(LockSupport.java:252)
 java.base@17.0.8/java.util.concurrent.locks.AbstractQueuedSynchronizer$ConditionObject.awaitNanos(AbstractQueuedSynchronizer.java:1672)
 java.base@17.0.8/java.util.concurrent.ScheduledThreadPoolExecutor$DelayedWorkQueue.take(ScheduledThreadPoolExecutor.java:1182)
 java.base@17.0.8/java.util.concurrent.ScheduledThreadPoolExecutor$DelayedWorkQueue.take(ScheduledThreadPoolExecutor.java:899)
 java.base@17.0.8/java.util.concurrent.ThreadPoolExecutor.getTask(ThreadPoolExecutor.java:1062)
 java.base@17.0.8/java.util.concurrent.ThreadPoolExecutor.runWorker(ThreadPoolExecutor.java:1122)
 java.base@17.0.8/java.util.concurrent.ThreadPoolExecutor$Worker.run(ThreadPoolExecutor.java:635)
 java.base@17.0.8/java.lang.Thread.run(Thread.java:833)
2024-01-16 10:59:13.901 INFO  [Thread-5] org.apache.coyote.http11.Http11NioProtocol - Stopping ProtocolHandler ["http-nio-8099"]
2024-01-16 10:59:13.902 INFO  [Thread-5] org.apache.coyote.http11.Http11NioProtocol - Destroying ProtocolHandler ["http-nio-8099"]
2024-01-16 10:59:13.905 INFO  [Thread-5] com.zaxxer.hikari.HikariDataSource - HikariPool-1 - Shutdown initiated...
2024-01-16 10:59:13.907 INFO  [Thread-5] com.zaxxer.hikari.HikariDataSource - HikariPool-1 - Shutdown completed.
2024-01-16 10:59:13.977 INFO  [restartedMain] com.ipi.DemoApplication - Starting DemoApplication using Java 17.0.8 on DESKTOP-JHUP6CO with PID 60544 (D:\Desktop\IPITools\target\classes started by IPI in D:\Desktop\tyc)
2024-01-16 10:59:13.977 INFO  [restartedMain] com.ipi.DemoApplication - No active profile set, falling back to 1 default profile: "default"
2024-01-16 10:59:14.191 INFO  [restartedMain] org.springframework.boot.web.embedded.tomcat.TomcatWebServer - Tomcat initialized with port(s): 8099 (http)
2024-01-16 10:59:14.192 INFO  [restartedMain] org.apache.coyote.http11.Http11NioProtocol - Initializing ProtocolHandler ["http-nio-8099"]
2024-01-16 10:59:14.192 INFO  [restartedMain] org.apache.catalina.core.StandardService - Starting service [Tomcat]
2024-01-16 10:59:14.192 INFO  [restartedMain] org.apache.catalina.core.StandardEngine - Starting Servlet engine: [Apache Tomcat/9.0.68]
2024-01-16 10:59:14.204 INFO  [restartedMain] org.apache.catalina.core.ContainerBase.[Tomcat].[localhost].[/] - Initializing Spring embedded WebApplicationContext
2024-01-16 10:59:14.205 INFO  [restartedMain] org.springframework.boot.web.servlet.context.ServletWebServerApplicationContext - Root WebApplicationContext: initialization completed in 224 ms
2024-01-16 10:59:14.217 WARN  [restartedMain] org.springframework.boot.web.servlet.context.AnnotationConfigServletWebServerApplicationContext - Exception encountered during context initialization - cancelling refresh attempt: org.springframework.beans.factory.BeanCreationException: Error creating bean with name 'adminController' defined in file [D:\Desktop\IPITools\target\classes\com\ipi\controler\AdminController.class]: Post-processing of merged bean definition failed; nested exception is java.lang.IllegalStateException: Failed to introspect Class [com.ipi.controler.AdminController] from ClassLoader [org.springframework.boot.devtools.restart.classloader.RestartClassLoader@6cfe2732]
2024-01-16 10:59:14.218 INFO  [restartedMain] org.apache.catalina.core.StandardService - Stopping service [Tomcat]
2024-01-16 10:59:14.221 INFO  [restartedMain] org.springframework.boot.autoconfigure.logging.ConditionEvaluationReportLoggingListener - 

Error starting ApplicationContext. To display the conditions report re-run your application with 'debug' enabled.
2024-01-16 10:59:14.236 ERROR [restartedMain] org.springframework.boot.SpringApplication - Application run failed
org.springframework.beans.factory.BeanCreationException: Error creating bean with name 'adminController' defined in file [D:\Desktop\IPITools\target\classes\com\ipi\controler\AdminController.class]: Post-processing of merged bean definition failed; nested exception is java.lang.IllegalStateException: Failed to introspect Class [com.ipi.controler.AdminController] from ClassLoader [org.springframework.boot.devtools.restart.classloader.RestartClassLoader@6cfe2732]
	at org.springframework.beans.factory.support.AbstractAutowireCapableBeanFactory.doCreateBean(AbstractAutowireCapableBeanFactory.java:597)
	at org.springframework.beans.factory.support.AbstractAutowireCapableBeanFactory.createBean(AbstractAutowireCapableBeanFactory.java:542)
	at org.springframework.beans.factory.support.AbstractBeanFactory.lambda$doGetBean$0(AbstractBeanFactory.java:335)
	at org.springframework.beans.factory.support.DefaultSingletonBeanRegistry.getSingleton(DefaultSingletonBeanRegistry.java:234)
	at org.springframework.beans.factory.support.AbstractBeanFactory.doGetBean(AbstractBeanFactory.java:333)
	at org.springframework.beans.factory.support.AbstractBeanFactory.getBean(AbstractBeanFactory.java:208)
	at org.springframework.beans.factory.support.DefaultListableBeanFactory.preInstantiateSingletons(DefaultListableBeanFactory.java:955)
	at org.springframework.context.support.AbstractApplicationContext.finishBeanFactoryInitialization(AbstractApplicationContext.java:918)
	at org.springframework.context.support.AbstractApplicationContext.refresh(AbstractApplicationContext.java:583)
	at org.springframework.boot.web.servlet.context.ServletWebServerApplicationContext.refresh(ServletWebServerApplicationContext.java:147)
	at org.springframework.boot.SpringApplication.refresh(SpringApplication.java:734)
	at org.springframework.boot.SpringApplication.refreshContext(SpringApplication.java:408)
	at org.springframework.boot.SpringApplication.run(SpringApplication.java:308)
	at org.springframework.boot.SpringApplication.run(SpringApplication.java:1306)
	at org.springframework.boot.SpringApplication.run(SpringApplication.java:1295)
	at com.ipi.DemoApplication.main(DemoApplication.java:22)
	at java.base/jdk.internal.reflect.NativeMethodAccessorImpl.invoke0(Native Method)
	at java.base/jdk.internal.reflect.NativeMethodAccessorImpl.invoke(NativeMethodAccessorImpl.java:77)
	at java.base/jdk.internal.reflect.DelegatingMethodAccessorImpl.invoke(DelegatingMethodAccessorImpl.java:43)
	at java.base/java.lang.reflect.Method.invoke(Method.java:568)
	at org.springframework.boot.devtools.restart.RestartLauncher.run(RestartLauncher.java:49)
Caused by: java.lang.IllegalStateException: Failed to introspect Class [com.ipi.controler.AdminController] from ClassLoader [org.springframework.boot.devtools.restart.classloader.RestartClassLoader@6cfe2732]
	at org.springframework.util.ReflectionUtils.getDeclaredFields(ReflectionUtils.java:743)
	at org.springframework.util.ReflectionUtils.doWithLocalFields(ReflectionUtils.java:675)
	at org.springframework.context.annotation.CommonAnnotationBeanPostProcessor.buildResourceMetadata(CommonAnnotationBeanPostProcessor.java:377)
	at org.springframework.context.annotation.CommonAnnotationBeanPostProcessor.findResourceMetadata(CommonAnnotationBeanPostProcessor.java:358)
	at org.springframework.context.annotation.CommonAnnotationBeanPostProcessor.postProcessMergedBeanDefinition(CommonAnnotationBeanPostProcessor.java:306)
	at org.springframework.beans.factory.support.AbstractAutowireCapableBeanFactory.applyMergedBeanDefinitionPostProcessors(AbstractAutowireCapableBeanFactory.java:1116)
	at org.springframework.beans.factory.support.AbstractAutowireCapableBeanFactory.doCreateBean(AbstractAutowireCapableBeanFactory.java:594)
	... 20 common frames omitted
Caused by: java.lang.NoClassDefFoundError: com/ipi/tasks/SynModify
	at java.base/java.lang.Class.getDeclaredFields0(Native Method)
	at java.base/java.lang.Class.privateGetDeclaredFields(Class.java:3297)
	at java.base/java.lang.Class.getDeclaredFields(Class.java:2371)
	at org.springframework.util.ReflectionUtils.getDeclaredFields(ReflectionUtils.java:738)
	... 26 common frames omitted
Caused by: java.lang.ClassNotFoundException: com.ipi.tasks.SynModify
	at java.base/jdk.internal.loader.BuiltinClassLoader.loadClass(BuiltinClassLoader.java:641)
	at java.base/jdk.internal.loader.ClassLoaders$AppClassLoader.loadClass(ClassLoaders.java:188)
	at java.base/java.lang.ClassLoader.loadClass(ClassLoader.java:525)
	at java.base/java.lang.Class.forName0(Native Method)
	at java.base/java.lang.Class.forName(Class.java:467)
	at org.springframework.boot.devtools.restart.classloader.RestartClassLoader.loadClass(RestartClassLoader.java:145)
	at java.base/java.lang.ClassLoader.loadClass(ClassLoader.java:525)
	... 30 common frames omitted
2024-01-16 10:59:16.092 INFO  [restartedMain] com.ipi.DemoApplication - Starting DemoApplication using Java 17.0.8 on DESKTOP-JHUP6CO with PID 60544 (D:\Desktop\IPITools\target\classes started by IPI in D:\Desktop\tyc)
2024-01-16 10:59:16.093 INFO  [restartedMain] com.ipi.DemoApplication - No active profile set, falling back to 1 default profile: "default"
2024-01-16 10:59:16.285 INFO  [restartedMain] org.springframework.boot.web.embedded.tomcat.TomcatWebServer - Tomcat initialized with port(s): 8099 (http)
2024-01-16 10:59:16.286 INFO  [restartedMain] org.apache.coyote.http11.Http11NioProtocol - Initializing ProtocolHandler ["http-nio-8099"]
2024-01-16 10:59:16.286 INFO  [restartedMain] org.apache.catalina.core.StandardService - Starting service [Tomcat]
2024-01-16 10:59:16.286 INFO  [restartedMain] org.apache.catalina.core.StandardEngine - Starting Servlet engine: [Apache Tomcat/9.0.68]
2024-01-16 10:59:16.302 INFO  [restartedMain] org.apache.catalina.core.ContainerBase.[Tomcat-1].[localhost].[/] - Initializing Spring embedded WebApplicationContext
2024-01-16 10:59:16.302 INFO  [restartedMain] org.springframework.boot.web.servlet.context.ServletWebServerApplicationContext - Root WebApplicationContext: initialization completed in 207 ms
2024-01-16 10:59:16.526 INFO  [restartedMain] org.springframework.boot.devtools.autoconfigure.OptionalLiveReloadServer - LiveReload server is running on port 35729
2024-01-16 10:59:16.539 INFO  [restartedMain] org.apache.coyote.http11.Http11NioProtocol - Starting ProtocolHandler ["http-nio-8099"]
2024-01-16 10:59:16.542 INFO  [restartedMain] org.springframework.boot.web.embedded.tomcat.TomcatWebServer - Tomcat started on port(s): 8099 (http) with context path ''
2024-01-16 10:59:16.545 INFO  [restartedMain] com.ipi.DemoApplication - Started DemoApplication in 0.478 seconds (JVM running for 240.662)
2024-01-16 10:59:16.547 INFO  [restartedMain] org.springframework.boot.devtools.autoconfigure.ConditionEvaluationDeltaLoggingListener - Condition evaluation unchanged
