2024-07-25 11:02:15.330 INFO  [restartedMain] com.ipi.DemoApplication - Starting DemoApplication using Java 1.8.0_241 on DESKTOP-JHUP6CO with PID 21328 (D:\Desktop\IPITools\target\classes started by IPI in D:\Desktop\tyc)
2024-07-25 11:02:15.331 INFO  [restartedMain] com.ipi.DemoApplication - No active profile set, falling back to 1 default profile: "default"
2024-07-25 11:02:15.370 INFO  [restartedMain] org.springframework.boot.devtools.restart.ChangeableUrls - The Class-Path manifest attribute in D:\MavenRepository\com\sun\xml\bind\jaxb-core\2.3.0\jaxb-core-2.3.0.jar referenced one or more files that do not exist: file:/D:/MavenRepository/com/sun/xml/bind/jaxb-core/2.3.0/jaxb-api.jar
2024-07-25 11:02:15.370 INFO  [restartedMain] org.springframework.boot.devtools.restart.ChangeableUrls - The Class-Path manifest attribute in D:\MavenRepository\com\sun\xml\bind\jaxb-impl\2.3.0\jaxb-impl-2.3.0.jar referenced one or more files that do not exist: file:/D:/MavenRepository/com/sun/xml/bind/jaxb-impl/2.3.0/jaxb-core.jar
2024-07-25 11:02:15.370 INFO  [restartedMain] org.springframework.boot.devtools.env.DevToolsPropertyDefaultsPostProcessor - Devtools property defaults active! Set 'spring.devtools.add-properties' to 'false' to disable
2024-07-25 11:02:15.371 INFO  [restartedMain] org.springframework.boot.devtools.env.DevToolsPropertyDefaultsPostProcessor - For additional web related logging consider setting the 'logging.level.web' property to 'DEBUG'
2024-07-25 11:02:16.263 INFO  [restartedMain] org.springframework.boot.web.embedded.tomcat.TomcatWebServer - Tomcat initialized with port(s): 8099 (http)
2024-07-25 11:02:16.268 INFO  [restartedMain] org.apache.coyote.http11.Http11NioProtocol - Initializing ProtocolHandler ["http-nio-8099"]
2024-07-25 11:02:16.269 INFO  [restartedMain] org.apache.catalina.core.StandardService - Starting service [Tomcat]
2024-07-25 11:02:16.269 INFO  [restartedMain] org.apache.catalina.core.StandardEngine - Starting Servlet engine: [Apache Tomcat/9.0.68]
2024-07-25 11:02:16.347 INFO  [restartedMain] org.apache.catalina.core.ContainerBase.[Tomcat].[localhost].[/] - Initializing Spring embedded WebApplicationContext
2024-07-25 11:02:16.347 INFO  [restartedMain] org.springframework.boot.web.servlet.context.ServletWebServerApplicationContext - Root WebApplicationContext: initialization completed in 976 ms
2024-07-25 11:02:16.924 INFO  [restartedMain] org.springframework.boot.devtools.autoconfigure.OptionalLiveReloadServer - LiveReload server is running on port 35729
2024-07-25 11:02:16.936 INFO  [restartedMain] org.apache.coyote.http11.Http11NioProtocol - Starting ProtocolHandler ["http-nio-8099"]
2024-07-25 11:02:16.946 INFO  [restartedMain] org.springframework.boot.web.embedded.tomcat.TomcatWebServer - Tomcat started on port(s): 8099 (http) with context path ''
2024-07-25 11:02:16.952 INFO  [restartedMain] org.springframework.scheduling.annotation.ScheduledAnnotationBeanPostProcessor - No TaskScheduler/ScheduledExecutorService bean found for scheduled processing
2024-07-25 11:02:16.958 INFO  [restartedMain] com.ipi.DemoApplication - Started DemoApplication in 1.942 seconds (JVM running for 2.744)
2024-07-25 11:02:31.961 INFO  [http-nio-8099-exec-1] org.apache.catalina.core.ContainerBase.[Tomcat].[localhost].[/] - Initializing Spring DispatcherServlet 'dispatcherServlet'
2024-07-25 11:02:31.961 INFO  [http-nio-8099-exec-1] org.springframework.web.servlet.DispatcherServlet - Initializing Servlet 'dispatcherServlet'
2024-07-25 11:02:31.963 INFO  [http-nio-8099-exec-1] org.springframework.web.servlet.DispatcherServlet - Completed initialization in 1 ms
2024-07-25 11:02:37.488 INFO  [http-nio-8099-exec-4] com.zaxxer.hikari.HikariDataSource - HikariPool-1 - Starting...
2024-07-25 11:02:38.024 INFO  [http-nio-8099-exec-4] com.zaxxer.hikari.HikariDataSource - HikariPool-1 - Start completed.
2024-07-25 11:02:48.504 INFO  [SpringApplicationShutdownHook] com.zaxxer.hikari.HikariDataSource - HikariPool-1 - Shutdown initiated...
2024-07-25 11:02:48.507 INFO  [SpringApplicationShutdownHook] com.zaxxer.hikari.HikariDataSource - HikariPool-1 - Shutdown completed.
2024-07-25 11:02:53.091 INFO  [restartedMain] com.ipi.DemoApplication - Starting DemoApplication using Java 1.8.0_241 on DESKTOP-JHUP6CO with PID 3548 (D:\Desktop\IPITools\target\classes started by IPI in D:\Desktop\tyc)
2024-07-25 11:02:53.092 INFO  [restartedMain] com.ipi.DemoApplication - No active profile set, falling back to 1 default profile: "default"
2024-07-25 11:02:53.129 INFO  [restartedMain] org.springframework.boot.devtools.restart.ChangeableUrls - The Class-Path manifest attribute in D:\MavenRepository\com\sun\xml\bind\jaxb-core\2.3.0\jaxb-core-2.3.0.jar referenced one or more files that do not exist: file:/D:/MavenRepository/com/sun/xml/bind/jaxb-core/2.3.0/jaxb-api.jar
2024-07-25 11:02:53.130 INFO  [restartedMain] org.springframework.boot.devtools.restart.ChangeableUrls - The Class-Path manifest attribute in D:\MavenRepository\com\sun\xml\bind\jaxb-impl\2.3.0\jaxb-impl-2.3.0.jar referenced one or more files that do not exist: file:/D:/MavenRepository/com/sun/xml/bind/jaxb-impl/2.3.0/jaxb-core.jar
2024-07-25 11:02:53.130 INFO  [restartedMain] org.springframework.boot.devtools.env.DevToolsPropertyDefaultsPostProcessor - Devtools property defaults active! Set 'spring.devtools.add-properties' to 'false' to disable
2024-07-25 11:02:53.130 INFO  [restartedMain] org.springframework.boot.devtools.env.DevToolsPropertyDefaultsPostProcessor - For additional web related logging consider setting the 'logging.level.web' property to 'DEBUG'
2024-07-25 11:02:54.074 INFO  [restartedMain] org.springframework.boot.web.embedded.tomcat.TomcatWebServer - Tomcat initialized with port(s): 8099 (http)
2024-07-25 11:02:54.079 INFO  [restartedMain] org.apache.coyote.http11.Http11NioProtocol - Initializing ProtocolHandler ["http-nio-8099"]
2024-07-25 11:02:54.080 INFO  [restartedMain] org.apache.catalina.core.StandardService - Starting service [Tomcat]
2024-07-25 11:02:54.080 INFO  [restartedMain] org.apache.catalina.core.StandardEngine - Starting Servlet engine: [Apache Tomcat/9.0.68]
2024-07-25 11:02:54.156 INFO  [restartedMain] org.apache.catalina.core.ContainerBase.[Tomcat].[localhost].[/] - Initializing Spring embedded WebApplicationContext
2024-07-25 11:02:54.156 INFO  [restartedMain] org.springframework.boot.web.servlet.context.ServletWebServerApplicationContext - Root WebApplicationContext: initialization completed in 1025 ms
2024-07-25 11:02:54.710 INFO  [restartedMain] org.springframework.boot.devtools.autoconfigure.OptionalLiveReloadServer - LiveReload server is running on port 35729
2024-07-25 11:02:54.721 INFO  [restartedMain] org.apache.coyote.http11.Http11NioProtocol - Starting ProtocolHandler ["http-nio-8099"]
2024-07-25 11:02:54.731 INFO  [restartedMain] org.springframework.boot.web.embedded.tomcat.TomcatWebServer - Tomcat started on port(s): 8099 (http) with context path ''
2024-07-25 11:02:54.736 INFO  [restartedMain] org.springframework.scheduling.annotation.ScheduledAnnotationBeanPostProcessor - No TaskScheduler/ScheduledExecutorService bean found for scheduled processing
2024-07-25 11:02:54.742 INFO  [restartedMain] com.ipi.DemoApplication - Started DemoApplication in 1.957 seconds (JVM running for 2.719)
2024-07-25 11:07:29.961 INFO  [restartedMain] com.ipi.DemoApplication - Starting DemoApplication using Java 1.8.0_241 on DESKTOP-JHUP6CO with PID 14276 (D:\Desktop\IPITools\target\classes started by IPI in D:\Desktop\tyc)
2024-07-25 11:07:29.962 INFO  [restartedMain] com.ipi.DemoApplication - No active profile set, falling back to 1 default profile: "default"
2024-07-25 11:07:30.010 INFO  [restartedMain] org.springframework.boot.devtools.restart.ChangeableUrls - The Class-Path manifest attribute in D:\MavenRepository\com\sun\xml\bind\jaxb-core\2.3.0\jaxb-core-2.3.0.jar referenced one or more files that do not exist: file:/D:/MavenRepository/com/sun/xml/bind/jaxb-core/2.3.0/jaxb-api.jar
2024-07-25 11:07:30.011 INFO  [restartedMain] org.springframework.boot.devtools.restart.ChangeableUrls - The Class-Path manifest attribute in D:\MavenRepository\com\sun\xml\bind\jaxb-impl\2.3.0\jaxb-impl-2.3.0.jar referenced one or more files that do not exist: file:/D:/MavenRepository/com/sun/xml/bind/jaxb-impl/2.3.0/jaxb-core.jar
2024-07-25 11:07:30.011 INFO  [restartedMain] org.springframework.boot.devtools.env.DevToolsPropertyDefaultsPostProcessor - Devtools property defaults active! Set 'spring.devtools.add-properties' to 'false' to disable
2024-07-25 11:07:30.011 INFO  [restartedMain] org.springframework.boot.devtools.env.DevToolsPropertyDefaultsPostProcessor - For additional web related logging consider setting the 'logging.level.web' property to 'DEBUG'
2024-07-25 11:07:31.333 INFO  [restartedMain] org.springframework.boot.web.embedded.tomcat.TomcatWebServer - Tomcat initialized with port(s): 8099 (http)
2024-07-25 11:07:31.341 INFO  [restartedMain] org.apache.coyote.http11.Http11NioProtocol - Initializing ProtocolHandler ["http-nio-8099"]
2024-07-25 11:07:31.341 INFO  [restartedMain] org.apache.catalina.core.StandardService - Starting service [Tomcat]
2024-07-25 11:07:31.342 INFO  [restartedMain] org.apache.catalina.core.StandardEngine - Starting Servlet engine: [Apache Tomcat/9.0.68]
2024-07-25 11:07:31.483 INFO  [restartedMain] org.apache.catalina.core.ContainerBase.[Tomcat].[localhost].[/] - Initializing Spring embedded WebApplicationContext
2024-07-25 11:07:31.483 INFO  [restartedMain] org.springframework.boot.web.servlet.context.ServletWebServerApplicationContext - Root WebApplicationContext: initialization completed in 1471 ms
2024-07-25 11:07:32.414 INFO  [restartedMain] org.springframework.boot.devtools.autoconfigure.OptionalLiveReloadServer - LiveReload server is running on port 35729
2024-07-25 11:07:32.433 INFO  [restartedMain] org.apache.coyote.http11.Http11NioProtocol - Starting ProtocolHandler ["http-nio-8099"]
2024-07-25 11:07:32.449 INFO  [restartedMain] org.springframework.boot.web.embedded.tomcat.TomcatWebServer - Tomcat started on port(s): 8099 (http) with context path ''
2024-07-25 11:07:32.457 INFO  [restartedMain] org.springframework.scheduling.annotation.ScheduledAnnotationBeanPostProcessor - No TaskScheduler/ScheduledExecutorService bean found for scheduled processing
2024-07-25 11:07:32.466 INFO  [restartedMain] com.ipi.DemoApplication - Started DemoApplication in 2.93 seconds (JVM running for 4.15)
2024-07-25 11:07:45.759 INFO  [http-nio-8099-exec-1] org.apache.catalina.core.ContainerBase.[Tomcat].[localhost].[/] - Initializing Spring DispatcherServlet 'dispatcherServlet'
2024-07-25 11:07:45.759 INFO  [http-nio-8099-exec-1] org.springframework.web.servlet.DispatcherServlet - Initializing Servlet 'dispatcherServlet'
2024-07-25 11:07:45.760 INFO  [http-nio-8099-exec-1] org.springframework.web.servlet.DispatcherServlet - Completed initialization in 0 ms
2024-07-25 11:07:45.847 INFO  [http-nio-8099-exec-1] com.zaxxer.hikari.HikariDataSource - HikariPool-1 - Starting...
2024-07-25 11:07:46.373 INFO  [http-nio-8099-exec-1] com.zaxxer.hikari.HikariDataSource - HikariPool-1 - Start completed.
2024-07-25 11:08:18.272 INFO  [SpringApplicationShutdownHook] com.zaxxer.hikari.HikariDataSource - HikariPool-1 - Shutdown initiated...
2024-07-25 11:08:18.277 INFO  [SpringApplicationShutdownHook] com.zaxxer.hikari.HikariDataSource - HikariPool-1 - Shutdown completed.
2024-07-25 11:08:30.239 INFO  [restartedMain] com.ipi.DemoApplication - Starting DemoApplication using Java 1.8.0_241 on DESKTOP-JHUP6CO with PID 1288 (D:\Desktop\IPITools\target\classes started by IPI in D:\Desktop\tyc)
2024-07-25 11:08:30.240 INFO  [restartedMain] com.ipi.DemoApplication - No active profile set, falling back to 1 default profile: "default"
2024-07-25 11:08:30.276 INFO  [restartedMain] org.springframework.boot.devtools.restart.ChangeableUrls - The Class-Path manifest attribute in D:\MavenRepository\com\sun\xml\bind\jaxb-core\2.3.0\jaxb-core-2.3.0.jar referenced one or more files that do not exist: file:/D:/MavenRepository/com/sun/xml/bind/jaxb-core/2.3.0/jaxb-api.jar
2024-07-25 11:08:30.276 INFO  [restartedMain] org.springframework.boot.devtools.restart.ChangeableUrls - The Class-Path manifest attribute in D:\MavenRepository\com\sun\xml\bind\jaxb-impl\2.3.0\jaxb-impl-2.3.0.jar referenced one or more files that do not exist: file:/D:/MavenRepository/com/sun/xml/bind/jaxb-impl/2.3.0/jaxb-core.jar
2024-07-25 11:08:30.276 INFO  [restartedMain] org.springframework.boot.devtools.env.DevToolsPropertyDefaultsPostProcessor - Devtools property defaults active! Set 'spring.devtools.add-properties' to 'false' to disable
2024-07-25 11:08:30.276 INFO  [restartedMain] org.springframework.boot.devtools.env.DevToolsPropertyDefaultsPostProcessor - For additional web related logging consider setting the 'logging.level.web' property to 'DEBUG'
2024-07-25 11:08:31.095 INFO  [restartedMain] org.springframework.boot.web.embedded.tomcat.TomcatWebServer - Tomcat initialized with port(s): 8099 (http)
2024-07-25 11:08:31.101 INFO  [restartedMain] org.apache.coyote.http11.Http11NioProtocol - Initializing ProtocolHandler ["http-nio-8099"]
2024-07-25 11:08:31.101 INFO  [restartedMain] org.apache.catalina.core.StandardService - Starting service [Tomcat]
2024-07-25 11:08:31.102 INFO  [restartedMain] org.apache.catalina.core.StandardEngine - Starting Servlet engine: [Apache Tomcat/9.0.68]
2024-07-25 11:08:31.183 INFO  [restartedMain] org.apache.catalina.core.ContainerBase.[Tomcat].[localhost].[/] - Initializing Spring embedded WebApplicationContext
2024-07-25 11:08:31.183 INFO  [restartedMain] org.springframework.boot.web.servlet.context.ServletWebServerApplicationContext - Root WebApplicationContext: initialization completed in 906 ms
2024-07-25 11:08:31.721 INFO  [restartedMain] org.springframework.boot.devtools.autoconfigure.OptionalLiveReloadServer - LiveReload server is running on port 35729
2024-07-25 11:08:31.731 INFO  [restartedMain] org.apache.coyote.http11.Http11NioProtocol - Starting ProtocolHandler ["http-nio-8099"]
2024-07-25 11:08:31.740 INFO  [restartedMain] org.springframework.boot.web.embedded.tomcat.TomcatWebServer - Tomcat started on port(s): 8099 (http) with context path ''
2024-07-25 11:08:31.745 INFO  [restartedMain] org.springframework.scheduling.annotation.ScheduledAnnotationBeanPostProcessor - No TaskScheduler/ScheduledExecutorService bean found for scheduled processing
2024-07-25 11:08:31.750 INFO  [restartedMain] com.ipi.DemoApplication - Started DemoApplication in 1.806 seconds (JVM running for 2.576)
2024-07-25 12:00:00.002 WARN  [pool-2-thread-1] com.ipi.tasks.ScheduledTasks$$EnhancerBySpringCGLIB$$99c7cdd4 - 开始同步人员2024-07-25T12:00:00.002
2024-07-25 12:00:00.003 INFO  [pool-2-thread-1] com.ipi.tasks.SynPerSonToOA - 2023-04-01
2024-07-25 12:00:00.023 INFO  [pool-2-thread-1] com.zaxxer.hikari.HikariDataSource - HikariPool-1 - Starting...
2024-07-25 12:00:00.528 INFO  [pool-2-thread-1] com.zaxxer.hikari.HikariDataSource - HikariPool-1 - Start completed.
2024-07-25 12:00:00.757 INFO  [pool-2-thread-1] com.ipi.tasks.ScheduledTasks$$EnhancerBySpringCGLIB$$99c7cdd4 - 同步人员结束2024-07-25T12:00:00.757
2024-07-25 12:00:00.757 WARN  [pool-2-thread-1] com.ipi.tasks.ScheduledTasks$$EnhancerBySpringCGLIB$$99c7cdd4 - 开始同步企业微信人员:2024-07-25T12:00:00.757
2024-07-25 12:00:01.357 WARN  [pool-2-thread-1] com.ipi.tasks.SynPersonToWorkWx - user:{"errcode":60020,"errmsg":"not allow to access from your ip, hint: [1721880002197562146483739], from ip: 119.123.175.225, more info at https://open.work.weixin.qq.com/devtool/query?e=60020","is_leader_in_dept":[],"direct_leader":[],"department":[],"order":[]}
2024-07-25 12:00:01.357 WARN  [pool-2-thread-1] com.ipi.tasks.SynPersonToWorkWx - 41985郭志雄准备同步到企业微信:
2024-07-25 12:00:01.406 WARN  [pool-2-thread-1] com.ipi.tasks.SynPersonToWorkWx - 查询出来的部门id：1026
2024-07-25 12:00:01.406 INFO  [pool-2-thread-1] com.ipi.tasks.SynPersonToWorkWx - 创建人员的json:{"userid": "41985","alias": "guo zhi xiong","name": "郭志雄","mobile": "15915404142","department": [1026],"order": [10,20],"position": "管理职:无","gender": "1","direct_leader": [],"enable": 1,"avatar_mediaid": "","main_department": 1026,"extattr": {"attrs": [{"name": "PQ等级","text": {"value": "01"},"type": 0},{"name": "直属主管","text": {"value": "陈庆庭"},"type": 0},{"name": "职位","text": {"value": "外协"},"type": 0},{"name": "工号","text": {"value": "41985"},"type": 0},{"name":"紧急号码","text":{"value":""},"type":0}]},"to_invite": true,"external_position": "管理职:无"}
2024-07-25 12:00:01.526 INFO  [pool-2-thread-1] com.ipi.tasks.SynPersonToWorkWx - 创建返回结果:{"errcode":60020,"errmsg":"not allow to access from your ip, hint: [1721880002562580736647511], from ip: 119.123.175.225, more info at https://open.work.weixin.qq.com/devtool/query?e=60020"}
2024-07-25 12:00:01.526 ERROR [pool-2-thread-1] com.ipi.tasks.SynPersonToWorkWx - 创建企业微信人员失败:60020
not allow to access from your ip, hint: [1721880002562580736647511], from ip: 119.123.175.225, more info at https://open.work.weixin.qq.com/devtool/query?e=60020
2024-07-25 12:00:01.649 WARN  [pool-2-thread-1] com.ipi.tasks.SynPersonToWorkWx - user:{"errcode":60020,"errmsg":"not allow to access from your ip, hint: [1721880002591810171958440], from ip: 119.123.175.225, more info at https://open.work.weixin.qq.com/devtool/query?e=60020","is_leader_in_dept":[],"direct_leader":[],"department":[],"order":[]}
2024-07-25 12:00:01.649 WARN  [pool-2-thread-1] com.ipi.tasks.SynPersonToWorkWx - 41986邢东准备同步到企业微信:
2024-07-25 12:00:01.664 WARN  [pool-2-thread-1] com.ipi.tasks.SynPersonToWorkWx - 查询出来的部门id：1026
2024-07-25 12:00:01.664 INFO  [pool-2-thread-1] com.ipi.tasks.SynPersonToWorkWx - 创建人员的json:{"userid": "41986","alias": "xing dong","name": "邢东","mobile": "15565757813","department": [1026],"order": [10,20],"position": "管理职:无","gender": "1","direct_leader": [],"enable": 1,"avatar_mediaid": "","main_department": 1026,"extattr": {"attrs": [{"name": "PQ等级","text": {"value": "01"},"type": 0},{"name": "直属主管","text": {"value": "陈庆庭"},"type": 0},{"name": "职位","text": {"value": "外协"},"type": 0},{"name": "工号","text": {"value": "41986"},"type": 0},{"name":"紧急号码","text":{"value":""},"type":0}]},"to_invite": true,"external_position": "管理职:无"}
2024-07-25 12:00:01.808 INFO  [pool-2-thread-1] com.ipi.tasks.SynPersonToWorkWx - 创建返回结果:{"errcode":60020,"errmsg":"not allow to access from your ip, hint: [1721880002214402417974262], from ip: 119.123.175.225, more info at https://open.work.weixin.qq.com/devtool/query?e=60020"}
2024-07-25 12:00:01.808 ERROR [pool-2-thread-1] com.ipi.tasks.SynPersonToWorkWx - 创建企业微信人员失败:60020
not allow to access from your ip, hint: [1721880002214402417974262], from ip: 119.123.175.225, more info at https://open.work.weixin.qq.com/devtool/query?e=60020
2024-07-25 12:00:01.808 ERROR [pool-2-thread-1] com.ipi.tasks.SynPersonToWorkWx - 企业微信错误:创建41985企业微信人员失败:60020
not allow to access from your ip, hint: [1721880002562580736647511], from ip: 119.123.175.225, more info at https://open.work.weixin.qq.com/devtool/query?e=60020 
 +<br>创建41986企业微信人员失败:60020
not allow to access from your ip, hint: [1721880002214402417974262], from ip: 119.123.175.225, more info at https://open.work.weixin.qq.com/devtool/query?e=60020 
 +<br>
2024-07-25 13:00:00.002 WARN  [pool-2-thread-1] com.ipi.tasks.ScheduledTasks$$EnhancerBySpringCGLIB$$99c7cdd4 - 开始同步人员2024-07-25T13:00:00.002
2024-07-25 13:00:00.002 INFO  [pool-2-thread-1] com.ipi.tasks.SynPerSonToOA - 2023-04-01
2024-07-25 13:00:00.184 INFO  [pool-2-thread-1] com.ipi.tasks.ScheduledTasks$$EnhancerBySpringCGLIB$$99c7cdd4 - 同步人员结束2024-07-25T13:00:00.184
2024-07-25 13:00:00.184 WARN  [pool-2-thread-1] com.ipi.tasks.ScheduledTasks$$EnhancerBySpringCGLIB$$99c7cdd4 - 开始同步企业微信人员:2024-07-25T13:00:00.184
2024-07-25 14:00:00.000 WARN  [pool-2-thread-1] com.ipi.tasks.ScheduledTasks$$EnhancerBySpringCGLIB$$99c7cdd4 - 开始同步人员2024-07-25T14:00
2024-07-25 14:00:00.000 INFO  [pool-2-thread-1] com.ipi.tasks.SynPerSonToOA - 2023-04-01
2024-07-25 14:00:00.178 INFO  [pool-2-thread-1] com.ipi.tasks.ScheduledTasks$$EnhancerBySpringCGLIB$$99c7cdd4 - 同步人员结束2024-07-25T14:00:00.178
2024-07-25 14:00:00.178 WARN  [pool-2-thread-1] com.ipi.tasks.ScheduledTasks$$EnhancerBySpringCGLIB$$99c7cdd4 - 开始同步企业微信人员:2024-07-25T14:00:00.178
2024-07-25 14:00:00.509 WARN  [pool-2-thread-1] com.ipi.tasks.SynPersonToWorkWx - user:{"errcode":60020,"errmsg":"not allow to access from your ip, hint: [1721887201031420418076142], from ip: 119.123.175.225, more info at https://open.work.weixin.qq.com/devtool/query?e=60020","is_leader_in_dept":[],"direct_leader":[],"department":[],"order":[]}
2024-07-25 14:00:00.510 WARN  [pool-2-thread-1] com.ipi.tasks.SynPersonToWorkWx - 41987潘永林准备同步到企业微信:
2024-07-25 14:00:00.517 WARN  [pool-2-thread-1] com.ipi.tasks.SynPersonToWorkWx - 查询出来的部门id：1021
2024-07-25 14:00:00.518 INFO  [pool-2-thread-1] com.ipi.tasks.SynPersonToWorkWx - 创建人员的json:{"userid": "41987","alias": "pan yong lin","name": "潘永林","mobile": "15327035108","department": [1021],"order": [10,20],"position": "管理职:无","gender": "1","direct_leader": [],"enable": 1,"avatar_mediaid": "","main_department": 1021,"extattr": {"attrs": [{"name": "PQ等级","text": {"value": "01"},"type": 0},{"name": "直属主管","text": {"value": "黄展清"},"type": 0},{"name": "职位","text": {"value": "外协"},"type": 0},{"name": "工号","text": {"value": "41987"},"type": 0},{"name":"紧急号码","text":{"value":""},"type":0}]},"to_invite": true,"external_position": "管理职:无"}
2024-07-25 14:00:00.732 INFO  [pool-2-thread-1] com.ipi.tasks.SynPersonToWorkWx - 创建返回结果:{"errcode":60020,"errmsg":"not allow to access from your ip, hint: [1721887201142830622537591], from ip: 119.123.175.225, more info at https://open.work.weixin.qq.com/devtool/query?e=60020"}
2024-07-25 14:00:00.732 ERROR [pool-2-thread-1] com.ipi.tasks.SynPersonToWorkWx - 创建企业微信人员失败:60020
not allow to access from your ip, hint: [1721887201142830622537591], from ip: 119.123.175.225, more info at https://open.work.weixin.qq.com/devtool/query?e=60020
2024-07-25 14:00:00.732 ERROR [pool-2-thread-1] com.ipi.tasks.SynPersonToWorkWx - 企业微信错误:创建41987企业微信人员失败:60020
not allow to access from your ip, hint: [1721887201142830622537591], from ip: 119.123.175.225, more info at https://open.work.weixin.qq.com/devtool/query?e=60020 
 +<br>
2024-07-25 14:00:42.790 INFO  [SpringApplicationShutdownHook] com.zaxxer.hikari.HikariDataSource - HikariPool-1 - Shutdown initiated...
2024-07-25 14:00:42.794 INFO  [SpringApplicationShutdownHook] com.zaxxer.hikari.HikariDataSource - HikariPool-1 - Shutdown completed.
